{
  "numFailedTestSuites": 1,
  "numFailedTests": 6,
  "numPassedTestSuites": 0,
  "numPassedTests": 17,
  "numPendingTestSuites": 0,
  "numPendingTests": 0,
  "numRuntimeErrorTestSuites": 0,
  "numTodoTests": 0,
  "numTotalTestSuites": 1,
  "numTotalTests": 23,
  "openHandles": [],
  "snapshot": {
    "added": 0,
    "didUpdate": false,
    "failure": false,
    "filesAdded": 0,
    "filesRemoved": 0,
    "filesRemovedList": [],
    "filesUnmatched": 0,
    "filesUpdated": 0,
    "matched": 0,
    "total": 0,
    "unchecked": 0,
    "uncheckedKeysByFile": [],
    "unmatched": 0,
    "updated": 0
  },
  "startTime": 1745068059473,
  "success": false,
  "testResults": [
    {
      "assertionResults": [
        {
          "ancestorTitles": ["Portfolio Controller", "createPortfolioItem"],
          "duration": 129,
          "failureDetails": [],
          "failureMessages": [],
          "fullName": "Portfolio Controller createPortfolioItem should return 201 on valid image upload",
          "invocations": 1,
          "location": { "column": 5, "line": 51 },
          "numPassingAsserts": 2,
          "retryReasons": [],
          "status": "passed",
          "title": "should return 201 on valid image upload"
        },
        {
          "ancestorTitles": ["Portfolio Controller", "createPortfolioItem"],
          "duration": 37,
          "failureDetails": [],
          "failureMessages": [],
          "fullName": "Portfolio Controller createPortfolioItem should return 400 if image file is missing",
          "invocations": 1,
          "location": { "column": 5, "line": 71 },
          "numPassingAsserts": 2,
          "retryReasons": [],
          "status": "passed",
          "title": "should return 400 if image file is missing"
        },
        {
          "ancestorTitles": ["Portfolio Controller", "createPortfolioItem"],
          "duration": 85,
          "failureDetails": [],
          "failureMessages": [],
          "fullName": "Portfolio Controller createPortfolioItem should return 500 on service error",
          "invocations": 1,
          "location": { "column": 5, "line": 81 },
          "numPassingAsserts": 1,
          "retryReasons": [],
          "status": "passed",
          "title": "should return 500 on service error"
        },
        {
          "ancestorTitles": ["Portfolio Controller", "getPortfolioItems"],
          "duration": 34,
          "failureDetails": [
            {
              "matcherResult": {
                "expected": "/fake/path/to/image.jpg",
                "message": "\u001b[2mexpect(\u001b[22m\u001b[31mreceived\u001b[39m\u001b[2m).\u001b[22mtoBe\u001b[2m(\u001b[22m\u001b[32mexpected\u001b[39m\u001b[2m) // Object.is equality\u001b[22m\n\nExpected: \u001b[32m\"/fake/path/to/image.jpg\"\u001b[39m\nReceived: \u001b[31mundefined\u001b[39m",
                "name": "toBe",
                "pass": false
              }
            }
          ],
          "failureMessages": [
            "Error: \u001b[2mexpect(\u001b[22m\u001b[31mreceived\u001b[39m\u001b[2m).\u001b[22mtoBe\u001b[2m(\u001b[22m\u001b[32mexpected\u001b[39m\u001b[2m) // Object.is equality\u001b[22m\n\nExpected: \u001b[32m\"/fake/path/to/image.jpg\"\u001b[39m\nReceived: \u001b[31mundefined\u001b[39m\n    at Object.<anonymous> (E:\\workspace\\beauty-saas\\bsaas-back\\src\\__tests__\\portfolio\\portfolio.controller.test.ts:112:38)\n    at processTicksAndRejections (node:internal/process/task_queues:105:5)"
          ],
          "fullName": "Portfolio Controller getPortfolioItems should return items (sanitized)",
          "invocations": 1,
          "location": { "column": 5, "line": 95 },
          "numPassingAsserts": 2,
          "retryReasons": [],
          "status": "failed",
          "title": "should return items (sanitized)"
        },
        {
          "ancestorTitles": ["Portfolio Controller", "getPortfolioItems"],
          "duration": 28,
          "failureDetails": [],
          "failureMessages": [],
          "fullName": "Portfolio Controller getPortfolioItems should return 500 on service error",
          "invocations": 1,
          "location": { "column": 5, "line": 115 },
          "numPassingAsserts": 1,
          "retryReasons": [],
          "status": "passed",
          "title": "should return 500 on service error"
        },
        {
          "ancestorTitles": ["Portfolio Controller", "updatePortfolioItem"],
          "duration": 48,
          "failureDetails": [],
          "failureMessages": [],
          "fullName": "Portfolio Controller updatePortfolioItem should update description and/or image",
          "invocations": 1,
          "location": { "column": 5, "line": 125 },
          "numPassingAsserts": 2,
          "retryReasons": [],
          "status": "passed",
          "title": "should update description and/or image"
        },
        {
          "ancestorTitles": ["Portfolio Controller", "updatePortfolioItem"],
          "duration": 47,
          "failureDetails": [],
          "failureMessages": [],
          "fullName": "Portfolio Controller updatePortfolioItem should return 500 on service error",
          "invocations": 1,
          "location": { "column": 5, "line": 145 },
          "numPassingAsserts": 1,
          "retryReasons": [],
          "status": "passed",
          "title": "should return 500 on service error"
        },
        {
          "ancestorTitles": ["Portfolio Controller", "deletePortfolioItem"],
          "duration": 21,
          "failureDetails": [],
          "failureMessages": [],
          "fullName": "Portfolio Controller deletePortfolioItem should delete and return 204",
          "invocations": 1,
          "location": { "column": 5, "line": 159 },
          "numPassingAsserts": 1,
          "retryReasons": [],
          "status": "passed",
          "title": "should delete and return 204"
        },
        {
          "ancestorTitles": ["Portfolio Controller", "deletePortfolioItem"],
          "duration": 30,
          "failureDetails": [],
          "failureMessages": [],
          "fullName": "Portfolio Controller deletePortfolioItem should return 500 on service error",
          "invocations": 1,
          "location": { "column": 5, "line": 174 },
          "numPassingAsserts": 1,
          "retryReasons": [],
          "status": "passed",
          "title": "should return 500 on service error"
        },
        {
          "ancestorTitles": ["Portfolio Controller", "getPortfolioImage"],
          "duration": 22,
          "failureDetails": [
            {
              "matcherResult": {
                "actual": 404,
                "expected": 200,
                "message": "\u001b[2mexpect(\u001b[22m\u001b[31mreceived\u001b[39m\u001b[2m).\u001b[22mtoBe\u001b[2m(\u001b[22m\u001b[32mexpected\u001b[39m\u001b[2m) // Object.is equality\u001b[22m\n\nExpected: \u001b[32m200\u001b[39m\nReceived: \u001b[31m404\u001b[39m",
                "name": "toBe",
                "pass": false
              }
            }
          ],
          "failureMessages": [
            "Error: \u001b[2mexpect(\u001b[22m\u001b[31mreceived\u001b[39m\u001b[2m).\u001b[22mtoBe\u001b[2m(\u001b[22m\u001b[32mexpected\u001b[39m\u001b[2m) // Object.is equality\u001b[22m\n\nExpected: \u001b[32m200\u001b[39m\nReceived: \u001b[31m404\u001b[39m\n    at Object.<anonymous> (E:\\workspace\\beauty-saas\\bsaas-back\\src\\__tests__\\portfolio\\portfolio.controller.test.ts:197:26)\n    at processTicksAndRejections (node:internal/process/task_queues:105:5)"
          ],
          "fullName": "Portfolio Controller getPortfolioImage should return image if found",
          "invocations": 1,
          "location": { "column": 5, "line": 184 },
          "numPassingAsserts": 0,
          "retryReasons": [],
          "status": "failed",
          "title": "should return image if found"
        },
        {
          "ancestorTitles": ["Portfolio Controller", "getPortfolioImage"],
          "duration": 17,
          "failureDetails": [],
          "failureMessages": [],
          "fullName": "Portfolio Controller getPortfolioImage should return 404 if not found or missing image",
          "invocations": 1,
          "location": { "column": 5, "line": 200 },
          "numPassingAsserts": 1,
          "retryReasons": [],
          "status": "passed",
          "title": "should return 404 if not found or missing image"
        },
        {
          "ancestorTitles": ["Portfolio Controller", "getPortfolioImage"],
          "duration": 24,
          "failureDetails": [],
          "failureMessages": [],
          "fullName": "Portfolio Controller getPortfolioImage should return 500 on service error",
          "invocations": 1,
          "location": { "column": 5, "line": 207 },
          "numPassingAsserts": 1,
          "retryReasons": [],
          "status": "passed",
          "title": "should return 500 on service error"
        },
        {
          "ancestorTitles": ["Portfolio Controller", "image validation and edge cases"],
          "duration": 38,
          "failureDetails": [],
          "failureMessages": [],
          "fullName": "Portfolio Controller image validation and edge cases should return 400 if a non-image file is uploaded",
          "invocations": 1,
          "location": { "column": 5, "line": 217 },
          "numPassingAsserts": 1,
          "retryReasons": [],
          "status": "passed",
          "title": "should return 400 if a non-image file is uploaded"
        },
        {
          "ancestorTitles": ["Portfolio Controller", "image validation and edge cases"],
          "duration": 40,
          "failureDetails": [],
          "failureMessages": [],
          "fullName": "Portfolio Controller image validation and edge cases should accept a very long but valid description",
          "invocations": 1,
          "location": { "column": 5, "line": 228 },
          "numPassingAsserts": 2,
          "retryReasons": [],
          "status": "passed",
          "title": "should accept a very long but valid description"
        },
        {
          "ancestorTitles": ["Portfolio Controller", "image validation and edge cases"],
          "duration": 33,
          "failureDetails": [],
          "failureMessages": [],
          "fullName": "Portfolio Controller image validation and edge cases should accept unicode/emoji in description",
          "invocations": 1,
          "location": { "column": 5, "line": 250 },
          "numPassingAsserts": 2,
          "retryReasons": [],
          "status": "passed",
          "title": "should accept unicode/emoji in description"
        },
        {
          "ancestorTitles": ["Portfolio Controller", "image validation and edge cases"],
          "duration": 22,
          "failureDetails": [{ "errno": -4077, "code": "ECONNRESET", "syscall": "read" }],
          "failureMessages": [
            "Error: read ECONNRESET\n    at TCP.onStreamRead (node:internal/stream_base_commons:216:20)"
          ],
          "fullName": "Portfolio Controller image validation and edge cases should return 401 if JWT is missing",
          "invocations": 1,
          "location": { "column": 5, "line": 272 },
          "numPassingAsserts": 0,
          "retryReasons": [],
          "status": "failed",
          "title": "should return 401 if JWT is missing"
        },
        {
          "ancestorTitles": ["Portfolio Controller", "image validation and edge cases"],
          "duration": 15,
          "failureDetails": [],
          "failureMessages": [],
          "fullName": "Portfolio Controller image validation and edge cases should return 404 when getting a non-existent portfolio item",
          "invocations": 1,
          "location": { "column": 5, "line": 282 },
          "numPassingAsserts": 1,
          "retryReasons": [],
          "status": "passed",
          "title": "should return 404 when getting a non-existent portfolio item"
        },
        {
          "ancestorTitles": ["Portfolio Controller", "image validation and edge cases"],
          "duration": 17,
          "failureDetails": [
            {
              "matcherResult": {
                "actual": 404,
                "expected": 200,
                "message": "\u001b[2mexpect(\u001b[22m\u001b[31mreceived\u001b[39m\u001b[2m).\u001b[22mtoBe\u001b[2m(\u001b[22m\u001b[32mexpected\u001b[39m\u001b[2m) // Object.is equality\u001b[22m\n\nExpected: \u001b[32m200\u001b[39m\nReceived: \u001b[31m404\u001b[39m",
                "name": "toBe",
                "pass": false
              }
            }
          ],
          "failureMessages": [
            "Error: \u001b[2mexpect(\u001b[22m\u001b[31mreceived\u001b[39m\u001b[2m).\u001b[22mtoBe\u001b[2m(\u001b[22m\u001b[32mexpected\u001b[39m\u001b[2m) // Object.is equality\u001b[22m\n\nExpected: \u001b[32m200\u001b[39m\nReceived: \u001b[31m404\u001b[39m\n    at Object.<anonymous> (E:\\workspace\\beauty-saas\\bsaas-back\\src\\__tests__\\portfolio\\portfolio.controller.test.ts:303:26)\n    at processTicksAndRejections (node:internal/process/task_queues:105:5)"
          ],
          "fullName": "Portfolio Controller image validation and edge cases should return image/jpeg content-type for image endpoint",
          "invocations": 1,
          "location": { "column": 5, "line": 290 },
          "numPassingAsserts": 0,
          "retryReasons": [],
          "status": "failed",
          "title": "should return image/jpeg content-type for image endpoint"
        },
        {
          "ancestorTitles": ["Portfolio Controller", "image validation and edge cases"],
          "duration": 369,
          "failureDetails": [
            {
              "matcherResult": {
                "message": "\u001b[2mexpect(\u001b[22m\u001b[31mreceived\u001b[39m\u001b[2m).\u001b[22mtoContain\u001b[2m(\u001b[22m\u001b[32mexpected\u001b[39m\u001b[2m) // indexOf\u001b[22m\n\nExpected value: \u001b[32m400\u001b[39m\nReceived array: \u001b[31m[201, 413]\u001b[39m",
                "pass": false
              }
            }
          ],
          "failureMessages": [
            "Error: \u001b[2mexpect(\u001b[22m\u001b[31mreceived\u001b[39m\u001b[2m).\u001b[22mtoContain\u001b[2m(\u001b[22m\u001b[32mexpected\u001b[39m\u001b[2m) // indexOf\u001b[22m\n\nExpected value: \u001b[32m400\u001b[39m\nReceived array: \u001b[31m[201, 413]\u001b[39m\n    at Object.<anonymous> (E:\\workspace\\beauty-saas\\bsaas-back\\src\\__tests__\\portfolio\\portfolio.controller.test.ts:325:26)\n    at processTicksAndRejections (node:internal/process/task_queues:105:5)"
          ],
          "fullName": "Portfolio Controller image validation and edge cases should handle very large image upload gracefully",
          "invocations": 1,
          "location": { "column": 5, "line": 308 },
          "numPassingAsserts": 0,
          "retryReasons": [],
          "status": "failed",
          "title": "should handle very large image upload gracefully"
        },
        {
          "ancestorTitles": ["Portfolio Controller", "image validation and edge cases"],
          "duration": 37,
          "failureDetails": [],
          "failureMessages": [],
          "fullName": "Portfolio Controller image validation and edge cases should sanitize special characters in description",
          "invocations": 1,
          "location": { "column": 5, "line": 329 },
          "numPassingAsserts": 2,
          "retryReasons": [],
          "status": "passed",
          "title": "should sanitize special characters in description"
        },
        {
          "ancestorTitles": ["Portfolio Controller", "image validation and edge cases"],
          "duration": 38,
          "failureDetails": [
            {
              "matcherResult": {
                "message": "\u001b[2mexpect(\u001b[22m\u001b[31mreceived\u001b[39m\u001b[2m).\u001b[22mtoContain\u001b[2m(\u001b[22m\u001b[32mexpected\u001b[39m\u001b[2m) // indexOf\u001b[22m\n\nExpected value: \u001b[32m201\u001b[39m\nReceived array: \u001b[31m[400, 500]\u001b[39m",
                "pass": false
              }
            }
          ],
          "failureMessages": [
            "Error: \u001b[2mexpect(\u001b[22m\u001b[31mreceived\u001b[39m\u001b[2m).\u001b[22mtoContain\u001b[2m(\u001b[22m\u001b[32mexpected\u001b[39m\u001b[2m) // indexOf\u001b[22m\n\nExpected value: \u001b[32m201\u001b[39m\nReceived array: \u001b[31m[400, 500]\u001b[39m\n    at Object.<anonymous> (E:\\workspace\\beauty-saas\\bsaas-back\\src\\__tests__\\portfolio\\portfolio.controller.test.ts:368:26)\n    at processTicksAndRejections (node:internal/process/task_queues:105:5)"
          ],
          "fullName": "Portfolio Controller image validation and edge cases should treat empty string/null fields correctly",
          "invocations": 1,
          "location": { "column": 5, "line": 351 },
          "numPassingAsserts": 0,
          "retryReasons": [],
          "status": "failed",
          "title": "should treat empty string/null fields correctly"
        },
        {
          "ancestorTitles": ["Portfolio Controller", "image validation and edge cases"],
          "duration": 68,
          "failureDetails": [],
          "failureMessages": [],
          "fullName": "Portfolio Controller image validation and edge cases should always return image/jpeg even if input is png",
          "invocations": 1,
          "location": { "column": 5, "line": 371 },
          "numPassingAsserts": 2,
          "retryReasons": [],
          "status": "passed",
          "title": "should always return image/jpeg even if input is png"
        },
        {
          "ancestorTitles": ["Portfolio Controller", "image validation and edge cases"],
          "duration": 113,
          "failureDetails": [],
          "failureMessages": [],
          "fullName": "Portfolio Controller image validation and edge cases should handle multiple concurrent uploads",
          "invocations": 1,
          "location": { "column": 5, "line": 392 },
          "numPassingAsserts": 3,
          "retryReasons": [],
          "status": "passed",
          "title": "should handle multiple concurrent uploads"
        }
      ],
      "endTime": 1745068067144,
      "message": "\u001b[1m\u001b[31m  \u001b[1m● \u001b[22m\u001b[1mPortfolio Controller › getPortfolioItems › should return items (sanitized)\u001b[39m\u001b[22m\n\n    \u001b[2mexpect(\u001b[22m\u001b[31mreceived\u001b[39m\u001b[2m).\u001b[22mtoBe\u001b[2m(\u001b[22m\u001b[32mexpected\u001b[39m\u001b[2m) // Object.is equality\u001b[22m\n\n    Expected: \u001b[32m\"/fake/path/to/image.jpg\"\u001b[39m\n    Received: \u001b[31mundefined\u001b[39m\n\u001b[2m\u001b[22m\n\u001b[2m    \u001b[0m \u001b[90m 110 |\u001b[39m       expect(res\u001b[33m.\u001b[39mstatus)\u001b[33m.\u001b[39mtoBe(\u001b[35m200\u001b[39m)\u001b[33m;\u001b[39m\u001b[22m\n\u001b[2m     \u001b[90m 111 |\u001b[39m       expect(res\u001b[33m.\u001b[39mbody[\u001b[35m0\u001b[39m]\u001b[33m.\u001b[39mid)\u001b[33m.\u001b[39mtoBe(\u001b[32m'1'\u001b[39m)\u001b[33m;\u001b[39m\u001b[22m\n\u001b[2m    \u001b[31m\u001b[1m>\u001b[22m\u001b[2m\u001b[39m\u001b[90m 112 |\u001b[39m       expect(res\u001b[33m.\u001b[39mbody[\u001b[35m0\u001b[39m]\u001b[33m.\u001b[39mimage_path)\u001b[33m.\u001b[39mtoBe(\u001b[32m'/fake/path/to/image.jpg'\u001b[39m)\u001b[33m;\u001b[39m\u001b[22m\n\u001b[2m     \u001b[90m     |\u001b[39m                                      \u001b[31m\u001b[1m^\u001b[22m\u001b[2m\u001b[39m\u001b[22m\n\u001b[2m     \u001b[90m 113 |\u001b[39m       expect((res\u001b[33m.\u001b[39mbody[\u001b[35m0\u001b[39m] \u001b[36mas\u001b[39m any)\u001b[33m.\u001b[39mdescription)\u001b[33m.\u001b[39mtoBe(\u001b[32m'desc'\u001b[39m)\u001b[33m;\u001b[39m\u001b[22m\n\u001b[2m     \u001b[90m 114 |\u001b[39m     })\u001b[33m;\u001b[39m\u001b[22m\n\u001b[2m     \u001b[90m 115 |\u001b[39m     it(\u001b[32m'should return 500 on service error'\u001b[39m\u001b[33m,\u001b[39m \u001b[36masync\u001b[39m () \u001b[33m=>\u001b[39m {\u001b[0m\u001b[22m\n\u001b[2m\u001b[22m\n\u001b[2m      \u001b[2mat Object.<anonymous> (\u001b[22m\u001b[2m\u001b[0m\u001b[36msrc/__tests__/portfolio/portfolio.controller.test.ts\u001b[39m\u001b[0m\u001b[2m:112:38)\u001b[22m\u001b[2m\u001b[22m\n\n\u001b[1m\u001b[31m  \u001b[1m● \u001b[22m\u001b[1mPortfolio Controller › getPortfolioImage › should return image if found\u001b[39m\u001b[22m\n\n    \u001b[2mexpect(\u001b[22m\u001b[31mreceived\u001b[39m\u001b[2m).\u001b[22mtoBe\u001b[2m(\u001b[22m\u001b[32mexpected\u001b[39m\u001b[2m) // Object.is equality\u001b[22m\n\n    Expected: \u001b[32m200\u001b[39m\n    Received: \u001b[31m404\u001b[39m\n\u001b[2m\u001b[22m\n\u001b[2m    \u001b[0m \u001b[90m 195 |\u001b[39m         \u001b[33m.\u001b[39m\u001b[36mget\u001b[39m(\u001b[32m'/api/portfolio/'\u001b[39m \u001b[33m+\u001b[39m testPortfolioId \u001b[33m+\u001b[39m \u001b[32m'/image'\u001b[39m)\u001b[22m\n\u001b[2m     \u001b[90m 196 |\u001b[39m         \u001b[33m.\u001b[39m\u001b[36mset\u001b[39m(\u001b[32m'Authorization'\u001b[39m\u001b[33m,\u001b[39m \u001b[32m`Bearer ${testToken}`\u001b[39m)\u001b[33m;\u001b[39m\u001b[22m\n\u001b[2m    \u001b[31m\u001b[1m>\u001b[22m\u001b[2m\u001b[39m\u001b[90m 197 |\u001b[39m       expect(res\u001b[33m.\u001b[39mstatus)\u001b[33m.\u001b[39mtoBe(\u001b[35m200\u001b[39m)\u001b[33m;\u001b[39m\u001b[22m\n\u001b[2m     \u001b[90m     |\u001b[39m                          \u001b[31m\u001b[1m^\u001b[22m\u001b[2m\u001b[39m\u001b[22m\n\u001b[2m     \u001b[90m 198 |\u001b[39m       expect(res\u001b[33m.\u001b[39mheaders[\u001b[32m'content-type'\u001b[39m])\u001b[33m.\u001b[39mtoMatch(\u001b[35m/jpeg/\u001b[39m)\u001b[33m;\u001b[39m\u001b[22m\n\u001b[2m     \u001b[90m 199 |\u001b[39m     })\u001b[33m;\u001b[39m\u001b[22m\n\u001b[2m     \u001b[90m 200 |\u001b[39m     it(\u001b[32m'should return 404 if not found or missing image'\u001b[39m\u001b[33m,\u001b[39m \u001b[36masync\u001b[39m () \u001b[33m=>\u001b[39m {\u001b[0m\u001b[22m\n\u001b[2m\u001b[22m\n\u001b[2m      \u001b[2mat Object.<anonymous> (\u001b[22m\u001b[2m\u001b[0m\u001b[36msrc/__tests__/portfolio/portfolio.controller.test.ts\u001b[39m\u001b[0m\u001b[2m:197:26)\u001b[22m\u001b[2m\u001b[22m\n\n\u001b[1m\u001b[31m  \u001b[1m● \u001b[22m\u001b[1mPortfolio Controller › image validation and edge cases › should return 401 if JWT is missing\u001b[39m\u001b[22m\n\n    read ECONNRESET\n\u001b[2m\u001b[22m\n\u001b[2m\u001b[22m\n\n\u001b[1m\u001b[31m  \u001b[1m● \u001b[22m\u001b[1mPortfolio Controller › image validation and edge cases › should return image/jpeg content-type for image endpoint\u001b[39m\u001b[22m\n\n    \u001b[2mexpect(\u001b[22m\u001b[31mreceived\u001b[39m\u001b[2m).\u001b[22mtoBe\u001b[2m(\u001b[22m\u001b[32mexpected\u001b[39m\u001b[2m) // Object.is equality\u001b[22m\n\n    Expected: \u001b[32m200\u001b[39m\n    Received: \u001b[31m404\u001b[39m\n\u001b[2m\u001b[22m\n\u001b[2m    \u001b[0m \u001b[90m 301 |\u001b[39m         \u001b[33m.\u001b[39m\u001b[36mget\u001b[39m(\u001b[32m`/api/portfolio/${testPortfolioId}/image`\u001b[39m)\u001b[22m\n\u001b[2m     \u001b[90m 302 |\u001b[39m         \u001b[33m.\u001b[39m\u001b[36mset\u001b[39m(\u001b[32m'Authorization'\u001b[39m\u001b[33m,\u001b[39m \u001b[32m`Bearer ${testToken}`\u001b[39m)\u001b[33m;\u001b[39m\u001b[22m\n\u001b[2m    \u001b[31m\u001b[1m>\u001b[22m\u001b[2m\u001b[39m\u001b[90m 303 |\u001b[39m       expect(res\u001b[33m.\u001b[39mstatus)\u001b[33m.\u001b[39mtoBe(\u001b[35m200\u001b[39m)\u001b[33m;\u001b[39m\u001b[22m\n\u001b[2m     \u001b[90m     |\u001b[39m                          \u001b[31m\u001b[1m^\u001b[22m\u001b[2m\u001b[39m\u001b[22m\n\u001b[2m     \u001b[90m 304 |\u001b[39m       expect(res\u001b[33m.\u001b[39mheaders[\u001b[32m'content-type'\u001b[39m])\u001b[33m.\u001b[39mtoMatch(\u001b[35m/image\\/jpeg/\u001b[39m)\u001b[33m;\u001b[39m\u001b[22m\n\u001b[2m     \u001b[90m 305 |\u001b[39m       expect(res\u001b[33m.\u001b[39mbody)\u001b[33m.\u001b[39mtoBeInstanceOf(\u001b[33mBuffer\u001b[39m)\u001b[33m;\u001b[39m\u001b[22m\n\u001b[2m     \u001b[90m 306 |\u001b[39m     })\u001b[33m;\u001b[39m\u001b[0m\u001b[22m\n\u001b[2m\u001b[22m\n\u001b[2m      \u001b[2mat Object.<anonymous> (\u001b[22m\u001b[2m\u001b[0m\u001b[36msrc/__tests__/portfolio/portfolio.controller.test.ts\u001b[39m\u001b[0m\u001b[2m:303:26)\u001b[22m\u001b[2m\u001b[22m\n\n\u001b[1m\u001b[31m  \u001b[1m● \u001b[22m\u001b[1mPortfolio Controller › image validation and edge cases › should handle very large image upload gracefully\u001b[39m\u001b[22m\n\n    \u001b[2mexpect(\u001b[22m\u001b[31mreceived\u001b[39m\u001b[2m).\u001b[22mtoContain\u001b[2m(\u001b[22m\u001b[32mexpected\u001b[39m\u001b[2m) // indexOf\u001b[22m\n\n    Expected value: \u001b[32m400\u001b[39m\n    Received array: \u001b[31m[201, 413]\u001b[39m\n\u001b[2m\u001b[22m\n\u001b[2m    \u001b[0m \u001b[90m 323 |\u001b[39m         \u001b[33m.\u001b[39mfield(\u001b[32m'description'\u001b[39m\u001b[33m,\u001b[39m \u001b[32m'Large image test'\u001b[39m)\u001b[22m\n\u001b[2m     \u001b[90m 324 |\u001b[39m         \u001b[33m.\u001b[39mattach(\u001b[32m'image'\u001b[39m\u001b[33m,\u001b[39m largeImagePath)\u001b[33m;\u001b[39m\u001b[22m\n\u001b[2m    \u001b[31m\u001b[1m>\u001b[22m\u001b[2m\u001b[39m\u001b[90m 325 |\u001b[39m       expect([\u001b[35m201\u001b[39m\u001b[33m,\u001b[39m \u001b[35m413\u001b[39m])\u001b[33m.\u001b[39mtoContain(res\u001b[33m.\u001b[39mstatus)\u001b[33m;\u001b[39m\u001b[22m\n\u001b[2m     \u001b[90m     |\u001b[39m                          \u001b[31m\u001b[1m^\u001b[22m\u001b[2m\u001b[39m\u001b[22m\n\u001b[2m     \u001b[90m 326 |\u001b[39m       fs\u001b[33m.\u001b[39munlinkSync(largeImagePath)\u001b[33m;\u001b[39m\u001b[22m\n\u001b[2m     \u001b[90m 327 |\u001b[39m     })\u001b[33m;\u001b[39m\u001b[22m\n\u001b[2m     \u001b[90m 328 |\u001b[39m\u001b[0m\u001b[22m\n\u001b[2m\u001b[22m\n\u001b[2m      \u001b[2mat Object.<anonymous> (\u001b[22m\u001b[2m\u001b[0m\u001b[36msrc/__tests__/portfolio/portfolio.controller.test.ts\u001b[39m\u001b[0m\u001b[2m:325:26)\u001b[22m\u001b[2m\u001b[22m\n\n\u001b[1m\u001b[31m  \u001b[1m● \u001b[22m\u001b[1mPortfolio Controller › image validation and edge cases › should treat empty string/null fields correctly\u001b[39m\u001b[22m\n\n    \u001b[2mexpect(\u001b[22m\u001b[31mreceived\u001b[39m\u001b[2m).\u001b[22mtoContain\u001b[2m(\u001b[22m\u001b[32mexpected\u001b[39m\u001b[2m) // indexOf\u001b[22m\n\n    Expected value: \u001b[32m201\u001b[39m\n    Received array: \u001b[31m[400, 500]\u001b[39m\n\u001b[2m\u001b[22m\n\u001b[2m    \u001b[0m \u001b[90m 366 |\u001b[39m         \u001b[33m.\u001b[39mfield(\u001b[32m'description'\u001b[39m\u001b[33m,\u001b[39m \u001b[32m''\u001b[39m)\u001b[22m\n\u001b[2m     \u001b[90m 367 |\u001b[39m         \u001b[33m.\u001b[39mattach(\u001b[32m'image'\u001b[39m\u001b[33m,\u001b[39m testImagePath)\u001b[33m;\u001b[39m\u001b[22m\n\u001b[2m    \u001b[31m\u001b[1m>\u001b[22m\u001b[2m\u001b[39m\u001b[90m 368 |\u001b[39m       expect([\u001b[35m400\u001b[39m\u001b[33m,\u001b[39m \u001b[35m500\u001b[39m])\u001b[33m.\u001b[39mtoContain(res\u001b[33m.\u001b[39mstatus)\u001b[33m;\u001b[39m \u001b[90m// 400 if controller validates, 500 if service validates\u001b[39m\u001b[22m\n\u001b[2m     \u001b[90m     |\u001b[39m                          \u001b[31m\u001b[1m^\u001b[22m\u001b[2m\u001b[39m\u001b[22m\n\u001b[2m     \u001b[90m 369 |\u001b[39m     })\u001b[33m;\u001b[39m\u001b[22m\n\u001b[2m     \u001b[90m 370 |\u001b[39m\u001b[22m\n\u001b[2m     \u001b[90m 371 |\u001b[39m     it(\u001b[32m'should always return image/jpeg even if input is png'\u001b[39m\u001b[33m,\u001b[39m \u001b[36masync\u001b[39m () \u001b[33m=>\u001b[39m {\u001b[0m\u001b[22m\n\u001b[2m\u001b[22m\n\u001b[2m      \u001b[2mat Object.<anonymous> (\u001b[22m\u001b[2m\u001b[0m\u001b[36msrc/__tests__/portfolio/portfolio.controller.test.ts\u001b[39m\u001b[0m\u001b[2m:368:26)\u001b[22m\u001b[2m\u001b[22m\n",
      "name": "E:\\workspace\\beauty-saas\\bsaas-back\\src\\__tests__\\portfolio\\portfolio.controller.test.ts",
      "startTime": 1745068059951,
      "status": "failed",
      "summary": ""
    }
  ],
  "wasInterrupted": false,
  "coverageMap": {
    "E:\\workspace\\beauty-saas\\bsaas-back\\src\\app.ts": {
      "path": "E:\\workspace\\beauty-saas\\bsaas-back\\src\\app.ts",
      "statementMap": {
        "0": { "start": { "line": 2, "column": 0 }, "end": { "line": 2, "column": 30 } },
        "1": { "start": { "line": 3, "column": 0 }, "end": { "line": 3, "column": 24 } },
        "2": { "start": { "line": 4, "column": 0 }, "end": { "line": 4, "column": 28 } },
        "3": { "start": { "line": 5, "column": 0 }, "end": { "line": 5, "column": 28 } },
        "4": { "start": { "line": 6, "column": 0 }, "end": { "line": 6, "column": 56 } },
        "5": { "start": { "line": 7, "column": 0 }, "end": { "line": 7, "column": 26 } },
        "6": { "start": { "line": 8, "column": 0 }, "end": { "line": 8, "column": 56 } },
        "7": { "start": { "line": 9, "column": 0 }, "end": { "line": 9, "column": 48 } },
        "8": { "start": { "line": 10, "column": 0 }, "end": { "line": 10, "column": 50 } },
        "9": { "start": { "line": 11, "column": 0 }, "end": { "line": 11, "column": 46 } },
        "10": { "start": { "line": 12, "column": 0 }, "end": { "line": 12, "column": 46 } },
        "11": { "start": { "line": 13, "column": 0 }, "end": { "line": 13, "column": 50 } },
        "12": { "start": { "line": 14, "column": 0 }, "end": { "line": 14, "column": 48 } },
        "13": { "start": { "line": 15, "column": 0 }, "end": { "line": 15, "column": 52 } },
        "14": { "start": { "line": 16, "column": 0 }, "end": { "line": 16, "column": 57 } },
        "15": { "start": { "line": 17, "column": 0 }, "end": { "line": 17, "column": 49 } },
        "16": { "start": { "line": 19, "column": 12 }, "end": { "line": 19, "column": 21 } },
        "17": { "start": { "line": 21, "column": 0 }, "end": { "line": 21, "column": 16 } },
        "18": { "start": { "line": 22, "column": 0 }, "end": { "line": 22, "column": 18 } },
        "19": { "start": { "line": 23, "column": 0 }, "end": { "line": 23, "column": 23 } },
        "20": { "start": { "line": 24, "column": 0 }, "end": { "line": 24, "column": 24 } },
        "21": { "start": { "line": 25, "column": 0 }, "end": { "line": 25, "column": 40 } },
        "22": { "start": { "line": 28, "column": 0 }, "end": { "line": 28, "column": 43 } },
        "23": { "start": { "line": 29, "column": 0 }, "end": { "line": 29, "column": 35 } },
        "24": { "start": { "line": 30, "column": 0 }, "end": { "line": 30, "column": 37 } },
        "25": { "start": { "line": 31, "column": 0 }, "end": { "line": 31, "column": 33 } },
        "26": { "start": { "line": 32, "column": 0 }, "end": { "line": 32, "column": 33 } },
        "27": { "start": { "line": 33, "column": 0 }, "end": { "line": 33, "column": 30 } },
        "28": { "start": { "line": 34, "column": 0 }, "end": { "line": 34, "column": 29 } },
        "29": { "start": { "line": 35, "column": 0 }, "end": { "line": 35, "column": 31 } },
        "30": { "start": { "line": 38, "column": 0 }, "end": { "line": 38, "column": 18 } },
        "31": { "start": { "line": 40, "column": 0 }, "end": { "line": 40, "column": 22 } },
        "32": { "start": { "line": 42, "column": 0 }, "end": { "line": 42, "column": 19 } }
      },
      "fnMap": {},
      "branchMap": {},
      "s": {
        "0": 1,
        "1": 1,
        "2": 1,
        "3": 1,
        "4": 1,
        "5": 1,
        "6": 1,
        "7": 1,
        "8": 1,
        "9": 1,
        "10": 1,
        "11": 1,
        "12": 1,
        "13": 1,
        "14": 1,
        "15": 1,
        "16": 1,
        "17": 1,
        "18": 1,
        "19": 1,
        "20": 1,
        "21": 1,
        "22": 1,
        "23": 1,
        "24": 1,
        "25": 1,
        "26": 1,
        "27": 1,
        "28": 1,
        "29": 1,
        "30": 1,
        "31": 1,
        "32": 1
      },
      "f": {},
      "b": {}
    },
    "E:\\workspace\\beauty-saas\\bsaas-back\\src\\i18n.ts": {
      "path": "E:\\workspace\\beauty-saas\\bsaas-back\\src\\i18n.ts",
      "statementMap": {
        "0": { "start": { "line": 1, "column": 0 }, "end": { "line": 1, "column": 27 } },
        "1": { "start": { "line": 2, "column": 0 }, "end": { "line": 2, "column": 41 } },
        "2": { "start": { "line": 3, "column": 0 }, "end": { "line": 3, "column": 49 } },
        "3": { "start": { "line": 4, "column": 0 }, "end": { "line": 4, "column": 24 } },
        "4": { "start": { "line": 6, "column": 0 }, "end": { "line": 23, "column": 5 } },
        "5": { "start": { "line": 25, "column": 0 }, "end": { "line": 25, "column": 20 } }
      },
      "fnMap": {},
      "branchMap": {},
      "s": { "0": 1, "1": 1, "2": 1, "3": 1, "4": 1, "5": 1 },
      "f": {},
      "b": {}
    },
    "E:\\workspace\\beauty-saas\\bsaas-back\\src\\routes\\portfolio.routes.ts": {
      "path": "E:\\workspace\\beauty-saas\\bsaas-back\\src\\routes\\portfolio.routes.ts",
      "statementMap": {
        "0": { "start": { "line": 1, "column": 0 }, "end": { "line": 1, "column": 33 } },
        "1": { "start": { "line": 2, "column": 0 }, "end": { "line": 2, "column": 75 } },
        "2": { "start": { "line": 3, "column": 0 }, "end": { "line": 3, "column": 53 } },
        "3": { "start": { "line": 4, "column": 0 }, "end": { "line": 4, "column": 56 } },
        "4": { "start": { "line": 6, "column": 0 }, "end": { "line": 6, "column": 28 } },
        "5": { "start": { "line": 7, "column": 15 }, "end": { "line": 7, "column": 23 } },
        "6": { "start": { "line": 9, "column": 15 }, "end": { "line": 9, "column": 23 } },
        "7": { "start": { "line": 12, "column": 0 }, "end": { "line": 12, "column": 72 } },
        "8": { "start": { "line": 13, "column": 0 }, "end": { "line": 13, "column": 132 } },
        "9": { "start": { "line": 14, "column": 0 }, "end": { "line": 14, "column": 134 } },
        "10": { "start": { "line": 15, "column": 0 }, "end": { "line": 15, "column": 113 } },
        "11": { "start": { "line": 16, "column": 0 }, "end": { "line": 16, "column": 81 } },
        "12": { "start": { "line": 18, "column": 0 }, "end": { "line": 18, "column": 22 } }
      },
      "fnMap": {},
      "branchMap": {},
      "s": {
        "0": 1,
        "1": 1,
        "2": 1,
        "3": 1,
        "4": 1,
        "5": 1,
        "6": 1,
        "7": 1,
        "8": 1,
        "9": 1,
        "10": 1,
        "11": 1,
        "12": 1
      },
      "f": {},
      "b": {}
    },
    "E:\\workspace\\beauty-saas\\bsaas-back\\src\\controllers\\portfolio.controller.ts": {
      "path": "E:\\workspace\\beauty-saas\\bsaas-back\\src\\controllers\\portfolio.controller.ts",
      "statementMap": {
        "0": { "start": { "line": 8, "column": 0 }, "end": { "line": 8, "column": 16 } },
        "1": { "start": { "line": 2, "column": 0 }, "end": { "line": 2, "column": 26 } },
        "2": { "start": { "line": 3, "column": 0 }, "end": { "line": 3, "column": 65 } },
        "3": { "start": { "line": 5, "column": 25 }, "end": { "line": 5, "column": 47 } },
        "4": { "start": { "line": 9, "column": 2 }, "end": { "line": 11, "column": 4 } },
        "5": { "start": { "line": 10, "column": 4 }, "end": { "line": 10, "column": 35 } },
        "6": { "start": { "line": 14, "column": 13 }, "end": { "line": 40, "column": 3 } },
        "7": { "start": { "line": 15, "column": 2 }, "end": { "line": 39, "column": 3 } },
        "8": { "start": { "line": 16, "column": 48 }, "end": { "line": 16, "column": 56 } },
        "9": { "start": { "line": 17, "column": 4 }, "end": { "line": 20, "column": 5 } },
        "10": { "start": { "line": 18, "column": 6 }, "end": { "line": 18, "column": 67 } },
        "11": { "start": { "line": 19, "column": 6 }, "end": { "line": 19, "column": 28 } },
        "12": { "start": { "line": 23, "column": 4 }, "end": { "line": 28, "column": 5 } },
        "13": { "start": { "line": 24, "column": 6 }, "end": { "line": 24, "column": 65 } },
        "14": { "start": { "line": 26, "column": 6 }, "end": { "line": 26, "column": 63 } },
        "15": { "start": { "line": 27, "column": 6 }, "end": { "line": 27, "column": 28 } },
        "16": { "start": { "line": 29, "column": 17 }, "end": { "line": 34, "column": 6 } },
        "17": { "start": { "line": 35, "column": 4 }, "end": { "line": 35, "column": 31 } },
        "18": { "start": { "line": 36, "column": 4 }, "end": { "line": 36, "column": 26 } },
        "19": { "start": { "line": 38, "column": 4 }, "end": { "line": 38, "column": 14 } },
        "20": { "start": { "line": 42, "column": 13 }, "end": { "line": 53, "column": 3 } },
        "21": { "start": { "line": 43, "column": 2 }, "end": { "line": 52, "column": 3 } },
        "22": { "start": { "line": 44, "column": 26 }, "end": { "line": 44, "column": 35 } },
        "23": { "start": { "line": 45, "column": 18 }, "end": { "line": 45, "column": 79 } },
        "24": { "start": { "line": 47, "column": 22 }, "end": { "line": 47, "column": 66 } },
        "25": { "start": { "line": 47, "column": 61 }, "end": { "line": 47, "column": 65 } },
        "26": { "start": { "line": 48, "column": 4 }, "end": { "line": 48, "column": 24 } },
        "27": { "start": { "line": 49, "column": 4 }, "end": { "line": 49, "column": 26 } },
        "28": { "start": { "line": 51, "column": 4 }, "end": { "line": 51, "column": 14 } },
        "29": { "start": { "line": 55, "column": 13 }, "end": { "line": 77, "column": 3 } },
        "30": { "start": { "line": 56, "column": 2 }, "end": { "line": 76, "column": 3 } },
        "31": { "start": { "line": 57, "column": 19 }, "end": { "line": 57, "column": 29 } },
        "32": { "start": { "line": 58, "column": 28 }, "end": { "line": 58, "column": 36 } },
        "33": { "start": { "line": 59, "column": 22 }, "end": { "line": 59, "column": 24 } },
        "34": { "start": { "line": 60, "column": 4 }, "end": { "line": 60, "column": 68 } },
        "35": { "start": { "line": 60, "column": 35 }, "end": { "line": 60, "column": 68 } },
        "36": { "start": { "line": 61, "column": 4 }, "end": { "line": 70, "column": 5 } },
        "37": { "start": { "line": 63, "column": 6 }, "end": { "line": 68, "column": 7 } },
        "38": { "start": { "line": 64, "column": 8 }, "end": { "line": 64, "column": 67 } },
        "39": { "start": { "line": 66, "column": 8 }, "end": { "line": 66, "column": 65 } },
        "40": { "start": { "line": 67, "column": 8 }, "end": { "line": 67, "column": 30 } },
        "41": { "start": { "line": 69, "column": 6 }, "end": { "line": 69, "column": 38 } },
        "42": { "start": { "line": 71, "column": 17 }, "end": { "line": 71, "column": 71 } },
        "43": { "start": { "line": 72, "column": 4 }, "end": { "line": 72, "column": 19 } },
        "44": { "start": { "line": 73, "column": 4 }, "end": { "line": 73, "column": 26 } },
        "45": { "start": { "line": 75, "column": 4 }, "end": { "line": 75, "column": 14 } },
        "46": { "start": { "line": 79, "column": 13 }, "end": { "line": 88, "column": 3 } },
        "47": { "start": { "line": 80, "column": 2 }, "end": { "line": 87, "column": 3 } },
        "48": { "start": { "line": 81, "column": 19 }, "end": { "line": 81, "column": 29 } },
        "49": { "start": { "line": 82, "column": 4 }, "end": { "line": 82, "column": 51 } },
        "50": { "start": { "line": 83, "column": 4 }, "end": { "line": 83, "column": 27 } },
        "51": { "start": { "line": 84, "column": 4 }, "end": { "line": 84, "column": 26 } },
        "52": { "start": { "line": 86, "column": 4 }, "end": { "line": 86, "column": 14 } },
        "53": { "start": { "line": 90, "column": 13 }, "end": { "line": 115, "column": 3 } },
        "54": { "start": { "line": 91, "column": 2 }, "end": { "line": 114, "column": 3 } },
        "55": { "start": { "line": 92, "column": 19 }, "end": { "line": 92, "column": 29 } },
        "56": { "start": { "line": 93, "column": 17 }, "end": { "line": 93, "column": 64 } },
        "57": { "start": { "line": 94, "column": 4 }, "end": { "line": 97, "column": 5 } },
        "58": { "start": { "line": 95, "column": 6 }, "end": { "line": 95, "column": 60 } },
        "59": { "start": { "line": 96, "column": 6 }, "end": { "line": 96, "column": 28 } },
        "60": { "start": { "line": 98, "column": 4 }, "end": { "line": 111, "column": 5 } },
        "61": { "start": { "line": 100, "column": 17 }, "end": { "line": 100, "column": 30 } },
        "62": { "start": { "line": 101, "column": 6 }, "end": { "line": 104, "column": 7 } },
        "63": { "start": { "line": 102, "column": 8 }, "end": { "line": 102, "column": 70 } },
        "64": { "start": { "line": 103, "column": 8 }, "end": { "line": 103, "column": 30 } },
        "65": { "start": { "line": 105, "column": 6 }, "end": { "line": 105, "column": 44 } },
        "66": { "start": { "line": 106, "column": 6 }, "end": { "line": 106, "column": 36 } },
        "67": { "start": { "line": 107, "column": 6 }, "end": { "line": 107, "column": 28 } },
        "68": { "start": { "line": 109, "column": 6 }, "end": { "line": 109, "column": 65 } },
        "69": { "start": { "line": 110, "column": 6 }, "end": { "line": 110, "column": 28 } },
        "70": { "start": { "line": 113, "column": 4 }, "end": { "line": 113, "column": 14 } }
      },
      "fnMap": {
        "0": {
          "name": "asyncHandler",
          "decl": { "start": { "line": 8, "column": 16 }, "end": { "line": 8, "column": 28 } },
          "loc": { "start": { "line": 8, "column": 99 }, "end": { "line": 12, "column": 1 } }
        },
        "1": {
          "name": "(anonymous_2)",
          "decl": { "start": { "line": 9, "column": 9 }, "end": { "line": 9, "column": 10 } },
          "loc": { "start": { "line": 9, "column": 28 }, "end": { "line": 11, "column": 3 } }
        },
        "2": {
          "name": "(anonymous_3)",
          "decl": { "start": { "line": 14, "column": 48 }, "end": { "line": 14, "column": 53 } },
          "loc": { "start": { "line": 14, "column": 73 }, "end": { "line": 40, "column": 1 } }
        },
        "3": {
          "name": "(anonymous_4)",
          "decl": { "start": { "line": 42, "column": 46 }, "end": { "line": 42, "column": 51 } },
          "loc": { "start": { "line": 42, "column": 71 }, "end": { "line": 53, "column": 1 } }
        },
        "4": {
          "name": "(anonymous_5)",
          "decl": { "start": { "line": 47, "column": 32 }, "end": { "line": 47, "column": 33 } },
          "loc": { "start": { "line": 47, "column": 61 }, "end": { "line": 47, "column": 65 } }
        },
        "5": {
          "name": "(anonymous_6)",
          "decl": { "start": { "line": 55, "column": 48 }, "end": { "line": 55, "column": 53 } },
          "loc": { "start": { "line": 55, "column": 73 }, "end": { "line": 77, "column": 1 } }
        },
        "6": {
          "name": "(anonymous_7)",
          "decl": { "start": { "line": 79, "column": 48 }, "end": { "line": 79, "column": 53 } },
          "loc": { "start": { "line": 79, "column": 73 }, "end": { "line": 88, "column": 1 } }
        },
        "7": {
          "name": "(anonymous_8)",
          "decl": { "start": { "line": 90, "column": 46 }, "end": { "line": 90, "column": 51 } },
          "loc": { "start": { "line": 90, "column": 71 }, "end": { "line": 115, "column": 1 } }
        }
      },
      "branchMap": {
        "0": {
          "loc": { "start": { "line": 17, "column": 4 }, "end": { "line": 20, "column": 5 } },
          "type": "if",
          "locations": [
            { "start": { "line": 17, "column": 4 }, "end": { "line": 20, "column": 5 } }
          ]
        },
        "1": {
          "loc": { "start": { "line": 60, "column": 4 }, "end": { "line": 60, "column": 68 } },
          "type": "if",
          "locations": [
            { "start": { "line": 60, "column": 4 }, "end": { "line": 60, "column": 68 } }
          ]
        },
        "2": {
          "loc": { "start": { "line": 61, "column": 4 }, "end": { "line": 70, "column": 5 } },
          "type": "if",
          "locations": [
            { "start": { "line": 61, "column": 4 }, "end": { "line": 70, "column": 5 } }
          ]
        },
        "3": {
          "loc": { "start": { "line": 94, "column": 4 }, "end": { "line": 97, "column": 5 } },
          "type": "if",
          "locations": [
            { "start": { "line": 94, "column": 4 }, "end": { "line": 97, "column": 5 } }
          ]
        },
        "4": {
          "loc": { "start": { "line": 94, "column": 8 }, "end": { "line": 94, "column": 33 } },
          "type": "binary-expr",
          "locations": [
            { "start": { "line": 94, "column": 8 }, "end": { "line": 94, "column": 13 } },
            { "start": { "line": 94, "column": 17 }, "end": { "line": 94, "column": 33 } }
          ]
        },
        "5": {
          "loc": { "start": { "line": 101, "column": 6 }, "end": { "line": 104, "column": 7 } },
          "type": "if",
          "locations": [
            { "start": { "line": 101, "column": 6 }, "end": { "line": 104, "column": 7 } }
          ]
        }
      },
      "s": {
        "0": 1,
        "1": 1,
        "2": 1,
        "3": 1,
        "4": 5,
        "5": 24,
        "6": 1,
        "7": 13,
        "8": 13,
        "9": 13,
        "10": 1,
        "11": 1,
        "12": 12,
        "13": 12,
        "14": 2,
        "15": 2,
        "16": 10,
        "17": 9,
        "18": 9,
        "19": 1,
        "20": 1,
        "21": 2,
        "22": 2,
        "23": 2,
        "24": 1,
        "25": 1,
        "26": 1,
        "27": 1,
        "28": 1,
        "29": 1,
        "30": 2,
        "31": 2,
        "32": 2,
        "33": 2,
        "34": 2,
        "35": 2,
        "36": 2,
        "37": 2,
        "38": 2,
        "39": 0,
        "40": 0,
        "41": 2,
        "42": 2,
        "43": 1,
        "44": 1,
        "45": 1,
        "46": 1,
        "47": 2,
        "48": 2,
        "49": 2,
        "50": 1,
        "51": 1,
        "52": 1,
        "53": 1,
        "54": 5,
        "55": 5,
        "56": 5,
        "57": 4,
        "58": 2,
        "59": 2,
        "60": 2,
        "61": 2,
        "62": 2,
        "63": 2,
        "64": 2,
        "65": 0,
        "66": 0,
        "67": 0,
        "68": 0,
        "69": 0,
        "70": 1
      },
      "f": { "0": 5, "1": 24, "2": 13, "3": 2, "4": 1, "5": 2, "6": 2, "7": 5 },
      "b": { "0": [1], "1": [2], "2": [2], "3": [2], "4": [4, 2], "5": [2] }
    },
    "E:\\workspace\\beauty-saas\\bsaas-back\\src\\services\\portfolio.service.ts": {
      "path": "E:\\workspace\\beauty-saas\\bsaas-back\\src\\services\\portfolio.service.ts",
      "statementMap": {
        "0": { "start": { "line": 1, "column": 0 }, "end": { "line": 1, "column": 46 } },
        "1": { "start": { "line": 2, "column": 0 }, "end": { "line": 2, "column": 24 } },
        "2": { "start": { "line": 3, "column": 0 }, "end": { "line": 3, "column": 20 } },
        "3": { "start": { "line": 5, "column": 15 }, "end": { "line": 5, "column": 33 } },
        "4": { "start": { "line": 7, "column": 24 }, "end": { "line": 7, "column": 88 } },
        "5": { "start": { "line": 8, "column": 29 }, "end": { "line": 8, "column": 98 } },
        "6": { "start": { "line": 12, "column": 15 }, "end": { "line": 12, "column": 63 } },
        "7": { "start": { "line": 13, "column": 14 }, "end": { "line": 13, "column": 74 } },
        "8": { "start": { "line": 14, "column": 2 }, "end": { "line": 14, "column": 43 } },
        "9": { "start": { "line": 19, "column": 4 }, "end": { "line": 21, "column": 5 } },
        "10": { "start": { "line": 20, "column": 6 }, "end": { "line": 20, "column": 44 } },
        "11": { "start": { "line": 22, "column": 4 }, "end": { "line": 24, "column": 5 } },
        "12": { "start": { "line": 23, "column": 6 }, "end": { "line": 23, "column": 40 } },
        "13": { "start": { "line": 25, "column": 4 }, "end": { "line": 27, "column": 5 } },
        "14": { "start": { "line": 26, "column": 6 }, "end": { "line": 26, "column": 46 } },
        "15": { "start": { "line": 29, "column": 20 }, "end": { "line": 37, "column": 6 } },
        "16": { "start": { "line": 38, "column": 22 }, "end": { "line": 38, "column": 73 } },
        "17": { "start": { "line": 40, "column": 4 }, "end": { "line": 40, "column": 63 } },
        "18": { "start": { "line": 41, "column": 4 }, "end": { "line": 41, "column": 51 } },
        "19": { "start": { "line": 44, "column": 4 }, "end": { "line": 44, "column": 98 } },
        "20": { "start": { "line": 45, "column": 4 }, "end": { "line": 45, "column": 49 } },
        "21": { "start": { "line": 49, "column": 4 }, "end": { "line": 52, "column": 7 } },
        "22": { "start": { "line": 56, "column": 4 }, "end": { "line": 56, "column": 58 } },
        "23": { "start": { "line": 60, "column": 4 }, "end": { "line": 62, "column": 5 } },
        "24": { "start": { "line": 61, "column": 6 }, "end": { "line": 61, "column": 46 } },
        "25": { "start": { "line": 63, "column": 22 }, "end": { "line": 63, "column": 24 } },
        "26": { "start": { "line": 64, "column": 4 }, "end": { "line": 64, "column": 78 } },
        "27": { "start": { "line": 64, "column": 40 }, "end": { "line": 64, "column": 78 } },
        "28": { "start": { "line": 65, "column": 4 }, "end": { "line": 73, "column": 5 } },
        "29": { "start": { "line": 66, "column": 19 }, "end": { "line": 66, "column": 71 } },
        "30": { "start": { "line": 67, "column": 6 }, "end": { "line": 67, "column": 61 } },
        "31": { "start": { "line": 67, "column": 17 }, "end": { "line": 67, "column": 61 } },
        "32": { "start": { "line": 68, "column": 24 }, "end": { "line": 68, "column": 67 } },
        "33": { "start": { "line": 69, "column": 6 }, "end": { "line": 69, "column": 65 } },
        "34": { "start": { "line": 70, "column": 6 }, "end": { "line": 70, "column": 53 } },
        "35": { "start": { "line": 72, "column": 6 }, "end": { "line": 72, "column": 36 } },
        "36": { "start": { "line": 74, "column": 4 }, "end": { "line": 74, "column": 68 } },
        "37": { "start": { "line": 79, "column": 17 }, "end": { "line": 79, "column": 69 } },
        "38": { "start": { "line": 81, "column": 4 }, "end": { "line": 84, "column": 5 } },
        "39": { "start": { "line": 83, "column": 6 }, "end": { "line": 83, "column": 37 } },
        "40": { "start": { "line": 85, "column": 4 }, "end": { "line": 85, "column": 54 } },
        "41": { "start": { "line": 17, "column": 0 }, "end": { "line": 17, "column": 13 } }
      },
      "fnMap": {
        "0": {
          "name": "buildPortfolioImagePath",
          "decl": { "start": { "line": 10, "column": 9 }, "end": { "line": 10, "column": 32 } },
          "loc": { "start": { "line": 10, "column": 72 }, "end": { "line": 15, "column": 1 } }
        },
        "1": {
          "name": "(anonymous_2)",
          "decl": { "start": { "line": 18, "column": 2 }, "end": { "line": 18, "column": 7 } },
          "loc": { "start": { "line": 18, "column": 116 }, "end": { "line": 46, "column": 3 } }
        },
        "2": {
          "name": "(anonymous_3)",
          "decl": { "start": { "line": 48, "column": 2 }, "end": { "line": 48, "column": 7 } },
          "loc": { "start": { "line": 48, "column": 44 }, "end": { "line": 53, "column": 3 } }
        },
        "3": {
          "name": "(anonymous_4)",
          "decl": { "start": { "line": 55, "column": 2 }, "end": { "line": 55, "column": 7 } },
          "loc": { "start": { "line": 55, "column": 39 }, "end": { "line": 57, "column": 3 } }
        },
        "4": {
          "name": "(anonymous_5)",
          "decl": { "start": { "line": 59, "column": 2 }, "end": { "line": 59, "column": 7 } },
          "loc": { "start": { "line": 59, "column": 93 }, "end": { "line": 75, "column": 3 } }
        },
        "5": {
          "name": "(anonymous_6)",
          "decl": { "start": { "line": 77, "column": 2 }, "end": { "line": 77, "column": 7 } },
          "loc": { "start": { "line": 77, "column": 38 }, "end": { "line": 86, "column": 3 } }
        }
      },
      "branchMap": {
        "0": {
          "loc": { "start": { "line": 7, "column": 24 }, "end": { "line": 7, "column": 88 } },
          "type": "binary-expr",
          "locations": [
            { "start": { "line": 7, "column": 24 }, "end": { "line": 7, "column": 51 } },
            { "start": { "line": 7, "column": 55 }, "end": { "line": 7, "column": 88 } }
          ]
        },
        "1": {
          "loc": { "start": { "line": 8, "column": 29 }, "end": { "line": 8, "column": 98 } },
          "type": "binary-expr",
          "locations": [
            { "start": { "line": 8, "column": 29 }, "end": { "line": 8, "column": 61 } },
            { "start": { "line": 8, "column": 65 }, "end": { "line": 8, "column": 98 } }
          ]
        },
        "2": {
          "loc": { "start": { "line": 19, "column": 4 }, "end": { "line": 21, "column": 5 } },
          "type": "if",
          "locations": [
            { "start": { "line": 19, "column": 4 }, "end": { "line": 21, "column": 5 } }
          ]
        },
        "3": {
          "loc": { "start": { "line": 22, "column": 4 }, "end": { "line": 24, "column": 5 } },
          "type": "if",
          "locations": [
            { "start": { "line": 22, "column": 4 }, "end": { "line": 24, "column": 5 } }
          ]
        },
        "4": {
          "loc": { "start": { "line": 25, "column": 4 }, "end": { "line": 27, "column": 5 } },
          "type": "if",
          "locations": [
            { "start": { "line": 25, "column": 4 }, "end": { "line": 27, "column": 5 } }
          ]
        },
        "5": {
          "loc": { "start": { "line": 25, "column": 8 }, "end": { "line": 25, "column": 65 } },
          "type": "binary-expr",
          "locations": [
            { "start": { "line": 25, "column": 8 }, "end": { "line": 25, "column": 25 } },
            { "start": { "line": 25, "column": 29 }, "end": { "line": 25, "column": 65 } }
          ]
        },
        "6": {
          "loc": { "start": { "line": 50, "column": 13 }, "end": { "line": 50, "column": 43 } },
          "type": "cond-expr",
          "locations": [
            { "start": { "line": 50, "column": 25 }, "end": { "line": 50, "column": 38 } },
            { "start": { "line": 50, "column": 41 }, "end": { "line": 50, "column": 43 } }
          ]
        },
        "7": {
          "loc": { "start": { "line": 60, "column": 4 }, "end": { "line": 62, "column": 5 } },
          "type": "if",
          "locations": [
            { "start": { "line": 60, "column": 4 }, "end": { "line": 62, "column": 5 } }
          ]
        },
        "8": {
          "loc": { "start": { "line": 60, "column": 8 }, "end": { "line": 60, "column": 78 } },
          "type": "binary-expr",
          "locations": [
            { "start": { "line": 60, "column": 8 }, "end": { "line": 60, "column": 38 } },
            { "start": { "line": 60, "column": 42 }, "end": { "line": 60, "column": 78 } }
          ]
        },
        "9": {
          "loc": { "start": { "line": 64, "column": 4 }, "end": { "line": 64, "column": 78 } },
          "type": "if",
          "locations": [
            { "start": { "line": 64, "column": 4 }, "end": { "line": 64, "column": 78 } }
          ]
        },
        "10": {
          "loc": { "start": { "line": 65, "column": 4 }, "end": { "line": 73, "column": 5 } },
          "type": "if",
          "locations": [
            { "start": { "line": 65, "column": 4 }, "end": { "line": 73, "column": 5 } }
          ]
        },
        "11": {
          "loc": { "start": { "line": 67, "column": 6 }, "end": { "line": 67, "column": 61 } },
          "type": "if",
          "locations": [
            { "start": { "line": 67, "column": 6 }, "end": { "line": 67, "column": 61 } }
          ]
        },
        "12": {
          "loc": { "start": { "line": 81, "column": 4 }, "end": { "line": 84, "column": 5 } },
          "type": "if",
          "locations": [
            { "start": { "line": 81, "column": 4 }, "end": { "line": 84, "column": 5 } }
          ]
        },
        "13": {
          "loc": { "start": { "line": 81, "column": 8 }, "end": { "line": 81, "column": 65 } },
          "type": "binary-expr",
          "locations": [
            { "start": { "line": 81, "column": 8 }, "end": { "line": 81, "column": 12 } },
            { "start": { "line": 81, "column": 16 }, "end": { "line": 81, "column": 31 } },
            { "start": { "line": 81, "column": 35 }, "end": { "line": 81, "column": 65 } }
          ]
        }
      },
      "s": {
        "0": 1,
        "1": 1,
        "2": 1,
        "3": 1,
        "4": 1,
        "5": 1,
        "6": 0,
        "7": 0,
        "8": 0,
        "9": 0,
        "10": 0,
        "11": 0,
        "12": 0,
        "13": 0,
        "14": 0,
        "15": 0,
        "16": 0,
        "17": 0,
        "18": 0,
        "19": 0,
        "20": 0,
        "21": 0,
        "22": 0,
        "23": 0,
        "24": 0,
        "25": 0,
        "26": 0,
        "27": 0,
        "28": 0,
        "29": 0,
        "30": 0,
        "31": 0,
        "32": 0,
        "33": 0,
        "34": 0,
        "35": 0,
        "36": 0,
        "37": 0,
        "38": 0,
        "39": 0,
        "40": 0,
        "41": 1
      },
      "f": { "0": 0, "1": 0, "2": 0, "3": 0, "4": 0, "5": 0 },
      "b": {
        "0": [1, 0],
        "1": [1, 0],
        "2": [0],
        "3": [0],
        "4": [0],
        "5": [0, 0],
        "6": [0, 0],
        "7": [0],
        "8": [0, 0],
        "9": [0],
        "10": [0],
        "11": [0],
        "12": [0],
        "13": [0, 0, 0]
      }
    },
    "E:\\workspace\\beauty-saas\\bsaas-back\\src\\middleware\\auth.ts": {
      "path": "E:\\workspace\\beauty-saas\\bsaas-back\\src\\middleware\\auth.ts",
      "statementMap": {
        "0": { "start": { "line": 2, "column": 0 }, "end": { "line": 2, "column": 31 } },
        "1": { "start": { "line": 8, "column": 31 }, "end": { "line": 23, "column": 1 } },
        "2": { "start": { "line": 9, "column": 21 }, "end": { "line": 9, "column": 49 } },
        "3": { "start": { "line": 10, "column": 2 }, "end": { "line": 13, "column": 3 } },
        "4": { "start": { "line": 11, "column": 4 }, "end": { "line": 11, "column": 95 } },
        "5": { "start": { "line": 12, "column": 4 }, "end": { "line": 12, "column": 11 } },
        "6": { "start": { "line": 14, "column": 16 }, "end": { "line": 14, "column": 40 } },
        "7": { "start": { "line": 15, "column": 2 }, "end": { "line": 22, "column": 5 } },
        "8": { "start": { "line": 16, "column": 4 }, "end": { "line": 19, "column": 5 } },
        "9": { "start": { "line": 17, "column": 6 }, "end": { "line": 17, "column": 86 } },
        "10": { "start": { "line": 18, "column": 6 }, "end": { "line": 18, "column": 13 } },
        "11": { "start": { "line": 20, "column": 5 }, "end": { "line": 20, "column": 37 } },
        "12": { "start": { "line": 21, "column": 4 }, "end": { "line": 21, "column": 11 } },
        "13": { "start": { "line": 8, "column": 13 }, "end": { "line": 8, "column": 31 } }
      },
      "fnMap": {
        "0": {
          "name": "(anonymous_1)",
          "decl": { "start": { "line": 8, "column": 31 }, "end": { "line": 8, "column": 32 } },
          "loc": { "start": { "line": 8, "column": 83 }, "end": { "line": 23, "column": 1 } }
        },
        "1": {
          "name": "(anonymous_2)",
          "decl": { "start": { "line": 15, "column": 54 }, "end": { "line": 15, "column": 55 } },
          "loc": { "start": { "line": 15, "column": 78 }, "end": { "line": 22, "column": 3 } }
        }
      },
      "branchMap": {
        "0": {
          "loc": { "start": { "line": 10, "column": 2 }, "end": { "line": 13, "column": 3 } },
          "type": "if",
          "locations": [
            { "start": { "line": 10, "column": 2 }, "end": { "line": 13, "column": 3 } }
          ]
        },
        "1": {
          "loc": { "start": { "line": 10, "column": 6 }, "end": { "line": 10, "column": 54 } },
          "type": "binary-expr",
          "locations": [
            { "start": { "line": 10, "column": 6 }, "end": { "line": 10, "column": 17 } },
            { "start": { "line": 10, "column": 21 }, "end": { "line": 10, "column": 54 } }
          ]
        },
        "2": {
          "loc": { "start": { "line": 16, "column": 4 }, "end": { "line": 19, "column": 5 } },
          "type": "if",
          "locations": [
            { "start": { "line": 16, "column": 4 }, "end": { "line": 19, "column": 5 } }
          ]
        }
      },
      "s": {
        "0": 1,
        "1": 1,
        "2": 25,
        "3": 25,
        "4": 1,
        "5": 1,
        "6": 24,
        "7": 24,
        "8": 24,
        "9": 0,
        "10": 0,
        "11": 24,
        "12": 24,
        "13": 1
      },
      "f": { "0": 25, "1": 24 },
      "b": { "0": [1], "1": [25, 24], "2": [0] }
    },
    "E:\\workspace\\beauty-saas\\bsaas-back\\src\\middleware\\requireRole.ts": {
      "path": "E:\\workspace\\beauty-saas\\bsaas-back\\src\\middleware\\requireRole.ts",
      "statementMap": {
        "0": { "start": { "line": 4, "column": 0 }, "end": { "line": 4, "column": 16 } },
        "1": { "start": { "line": 5, "column": 2 }, "end": { "line": 16, "column": 4 } },
        "2": { "start": { "line": 6, "column": 18 }, "end": { "line": 6, "column": 34 } },
        "3": { "start": { "line": 8, "column": 32 }, "end": { "line": 10, "column": 10 } },
        "4": { "start": { "line": 9, "column": 35 }, "end": { "line": 9, "column": 69 } },
        "5": { "start": { "line": 11, "column": 4 }, "end": { "line": 14, "column": 5 } },
        "6": { "start": { "line": 11, "column": 32 }, "end": { "line": 11, "column": 59 } },
        "7": { "start": { "line": 12, "column": 6 }, "end": { "line": 12, "column": 114 } },
        "8": { "start": { "line": 13, "column": 6 }, "end": { "line": 13, "column": 13 } },
        "9": { "start": { "line": 15, "column": 4 }, "end": { "line": 15, "column": 11 } }
      },
      "fnMap": {
        "0": {
          "name": "requireRole",
          "decl": { "start": { "line": 4, "column": 16 }, "end": { "line": 4, "column": 27 } },
          "loc": { "start": { "line": 4, "column": 50 }, "end": { "line": 17, "column": 1 } }
        },
        "1": {
          "name": "(anonymous_1)",
          "decl": { "start": { "line": 5, "column": 9 }, "end": { "line": 5, "column": 10 } },
          "loc": { "start": { "line": 5, "column": 61 }, "end": { "line": 16, "column": 3 } }
        },
        "2": {
          "name": "(anonymous_2)",
          "decl": { "start": { "line": 9, "column": 23 }, "end": { "line": 9, "column": 24 } },
          "loc": { "start": { "line": 9, "column": 35 }, "end": { "line": 9, "column": 69 } }
        },
        "3": {
          "name": "(anonymous_3)",
          "decl": { "start": { "line": 11, "column": 24 }, "end": { "line": 11, "column": 28 } },
          "loc": { "start": { "line": 11, "column": 32 }, "end": { "line": 11, "column": 59 } }
        }
      },
      "branchMap": {
        "0": {
          "loc": { "start": { "line": 8, "column": 32 }, "end": { "line": 10, "column": 10 } },
          "type": "cond-expr",
          "locations": [
            { "start": { "line": 9, "column": 8 }, "end": { "line": 9, "column": 70 } },
            { "start": { "line": 10, "column": 8 }, "end": { "line": 10, "column": 10 } }
          ]
        },
        "1": {
          "loc": { "start": { "line": 9, "column": 35 }, "end": { "line": 9, "column": 69 } },
          "type": "cond-expr",
          "locations": [
            { "start": { "line": 9, "column": 59 }, "end": { "line": 9, "column": 60 } },
            { "start": { "line": 9, "column": 63 }, "end": { "line": 9, "column": 69 } }
          ]
        },
        "2": {
          "loc": { "start": { "line": 11, "column": 4 }, "end": { "line": 14, "column": 5 } },
          "type": "if",
          "locations": [
            { "start": { "line": 11, "column": 4 }, "end": { "line": 14, "column": 5 } }
          ]
        }
      },
      "s": { "0": 1, "1": 3, "2": 17, "3": 17, "4": 17, "5": 17, "6": 17, "7": 0, "8": 0, "9": 17 },
      "f": { "0": 3, "1": 17, "2": 17, "3": 17 },
      "b": { "0": [17, 0], "1": [17, 0], "2": [0] }
    },
    "E:\\workspace\\beauty-saas\\bsaas-back\\src\\routes\\theme.routes.ts": {
      "path": "E:\\workspace\\beauty-saas\\bsaas-back\\src\\routes\\theme.routes.ts",
      "statementMap": {
        "0": { "start": { "line": 1, "column": 0 }, "end": { "line": 1, "column": 33 } },
        "1": { "start": { "line": 2, "column": 0 }, "end": { "line": 2, "column": 72 } },
        "2": { "start": { "line": 3, "column": 0 }, "end": { "line": 3, "column": 53 } },
        "3": { "start": { "line": 4, "column": 0 }, "end": { "line": 4, "column": 50 } },
        "4": { "start": { "line": 5, "column": 0 }, "end": { "line": 5, "column": 66 } },
        "5": { "start": { "line": 7, "column": 15 }, "end": { "line": 7, "column": 23 } },
        "6": { "start": { "line": 10, "column": 0 }, "end": { "line": 10, "column": 52 } },
        "7": { "start": { "line": 12, "column": 0 }, "end": { "line": 12, "column": 84 } },
        "8": { "start": { "line": 14, "column": 0 }, "end": { "line": 14, "column": 22 } }
      },
      "fnMap": {},
      "branchMap": {},
      "s": { "0": 1, "1": 1, "2": 1, "3": 1, "4": 1, "5": 1, "6": 1, "7": 1, "8": 1 },
      "f": {},
      "b": {}
    },
    "E:\\workspace\\beauty-saas\\bsaas-back\\src\\controllers\\theme.controller.ts": {
      "path": "E:\\workspace\\beauty-saas\\bsaas-back\\src\\controllers\\theme.controller.ts",
      "statementMap": {
        "0": { "start": { "line": 2, "column": 0 }, "end": { "line": 2, "column": 57 } },
        "1": { "start": { "line": 4, "column": 21 }, "end": { "line": 4, "column": 39 } },
        "2": { "start": { "line": 6, "column": 24 }, "end": { "line": 18, "column": 1 } },
        "3": { "start": { "line": 7, "column": 2 }, "end": { "line": 17, "column": 3 } },
        "4": { "start": { "line": 8, "column": 25 }, "end": { "line": 8, "column": 35 } },
        "5": { "start": { "line": 9, "column": 19 }, "end": { "line": 9, "column": 56 } },
        "6": { "start": { "line": 10, "column": 4 }, "end": { "line": 13, "column": 5 } },
        "7": { "start": { "line": 11, "column": 6 }, "end": { "line": 11, "column": 58 } },
        "8": { "start": { "line": 12, "column": 6 }, "end": { "line": 12, "column": 13 } },
        "9": { "start": { "line": 14, "column": 4 }, "end": { "line": 14, "column": 21 } },
        "10": { "start": { "line": 16, "column": 4 }, "end": { "line": 16, "column": 51 } },
        "11": { "start": { "line": 6, "column": 13 }, "end": { "line": 6, "column": 24 } },
        "12": { "start": { "line": 20, "column": 27 }, "end": { "line": 29, "column": 1 } },
        "13": { "start": { "line": 21, "column": 2 }, "end": { "line": 28, "column": 3 } },
        "14": { "start": { "line": 22, "column": 25 }, "end": { "line": 22, "column": 35 } },
        "15": { "start": { "line": 23, "column": 61 }, "end": { "line": 23, "column": 69 } },
        "16": { "start": { "line": 24, "column": 19 }, "end": { "line": 24, "column": 109 } },
        "17": { "start": { "line": 25, "column": 4 }, "end": { "line": 25, "column": 21 } },
        "18": { "start": { "line": 27, "column": 4 }, "end": { "line": 27, "column": 51 } },
        "19": { "start": { "line": 20, "column": 13 }, "end": { "line": 20, "column": 27 } }
      },
      "fnMap": {
        "0": {
          "name": "(anonymous_0)",
          "decl": { "start": { "line": 6, "column": 24 }, "end": { "line": 6, "column": 29 } },
          "loc": { "start": { "line": 6, "column": 62 }, "end": { "line": 18, "column": 1 } }
        },
        "1": {
          "name": "(anonymous_1)",
          "decl": { "start": { "line": 20, "column": 27 }, "end": { "line": 20, "column": 32 } },
          "loc": { "start": { "line": 20, "column": 65 }, "end": { "line": 29, "column": 1 } }
        }
      },
      "branchMap": {
        "0": {
          "loc": { "start": { "line": 10, "column": 4 }, "end": { "line": 13, "column": 5 } },
          "type": "if",
          "locations": [
            { "start": { "line": 10, "column": 4 }, "end": { "line": 13, "column": 5 } }
          ]
        }
      },
      "s": {
        "0": 1,
        "1": 1,
        "2": 1,
        "3": 0,
        "4": 0,
        "5": 0,
        "6": 0,
        "7": 0,
        "8": 0,
        "9": 0,
        "10": 0,
        "11": 1,
        "12": 1,
        "13": 0,
        "14": 0,
        "15": 0,
        "16": 0,
        "17": 0,
        "18": 0,
        "19": 1
      },
      "f": { "0": 0, "1": 0 },
      "b": { "0": [0] }
    },
    "E:\\workspace\\beauty-saas\\bsaas-back\\src\\services\\theme.service.ts": {
      "path": "E:\\workspace\\beauty-saas\\bsaas-back\\src\\services\\theme.service.ts",
      "statementMap": {
        "0": { "start": { "line": 1, "column": 0 }, "end": { "line": 1, "column": 46 } },
        "1": { "start": { "line": 3, "column": 15 }, "end": { "line": 3, "column": 33 } },
        "2": { "start": { "line": 6, "column": 2 }, "end": { "line": 6, "column": 41 } },
        "3": { "start": { "line": 11, "column": 4 }, "end": { "line": 14, "column": 7 } },
        "4": { "start": { "line": 18, "column": 4 }, "end": { "line": 18, "column": 153 } },
        "5": { "start": { "line": 22, "column": 4 }, "end": { "line": 22, "column": 136 } },
        "6": { "start": { "line": 26, "column": 4 }, "end": { "line": 28, "column": 5 } },
        "7": { "start": { "line": 27, "column": 6 }, "end": { "line": 27, "column": 44 } },
        "8": { "start": { "line": 29, "column": 4 }, "end": { "line": 33, "column": 7 } },
        "9": { "start": { "line": 9, "column": 0 }, "end": { "line": 9, "column": 13 } }
      },
      "fnMap": {
        "0": {
          "name": "isValidHexColor",
          "decl": { "start": { "line": 5, "column": 9 }, "end": { "line": 5, "column": 24 } },
          "loc": { "start": { "line": 5, "column": 38 }, "end": { "line": 7, "column": 1 } }
        },
        "1": {
          "name": "(anonymous_1)",
          "decl": { "start": { "line": 10, "column": 2 }, "end": { "line": 10, "column": 7 } },
          "loc": { "start": { "line": 10, "column": 33 }, "end": { "line": 15, "column": 3 } }
        },
        "2": {
          "name": "(anonymous_2)",
          "decl": { "start": { "line": 17, "column": 2 }, "end": { "line": 17, "column": 7 } },
          "loc": { "start": { "line": 17, "column": 31 }, "end": { "line": 19, "column": 3 } }
        },
        "3": {
          "name": "(anonymous_3)",
          "decl": { "start": { "line": 21, "column": 2 }, "end": { "line": 21, "column": 7 } },
          "loc": { "start": { "line": 21, "column": 17 }, "end": { "line": 23, "column": 3 } }
        },
        "4": {
          "name": "(anonymous_4)",
          "decl": { "start": { "line": 25, "column": 2 }, "end": { "line": 25, "column": 7 } },
          "loc": { "start": { "line": 25, "column": 117 }, "end": { "line": 34, "column": 3 } }
        }
      },
      "branchMap": {
        "0": {
          "loc": { "start": { "line": 26, "column": 4 }, "end": { "line": 28, "column": 5 } },
          "type": "if",
          "locations": [
            { "start": { "line": 26, "column": 4 }, "end": { "line": 28, "column": 5 } }
          ]
        },
        "1": {
          "loc": { "start": { "line": 26, "column": 8 }, "end": { "line": 26, "column": 128 } },
          "type": "binary-expr",
          "locations": [
            { "start": { "line": 26, "column": 8 }, "end": { "line": 26, "column": 45 } },
            { "start": { "line": 26, "column": 49 }, "end": { "line": 26, "column": 88 } },
            { "start": { "line": 26, "column": 92 }, "end": { "line": 26, "column": 128 } }
          ]
        }
      },
      "s": { "0": 1, "1": 1, "2": 0, "3": 0, "4": 0, "5": 0, "6": 0, "7": 0, "8": 0, "9": 1 },
      "f": { "0": 0, "1": 0, "2": 0, "3": 0, "4": 0 },
      "b": { "0": [0], "1": [0, 0, 0] }
    },
    "E:\\workspace\\beauty-saas\\bsaas-back\\src\\middleware\\validate.ts": {
      "path": "E:\\workspace\\beauty-saas\\bsaas-back\\src\\middleware\\validate.ts",
      "statementMap": {
        "0": { "start": { "line": 4, "column": 0 }, "end": { "line": 4, "column": 16 } },
        "1": { "start": { "line": 5, "column": 2 }, "end": { "line": 13, "column": 4 } },
        "2": { "start": { "line": 6, "column": 19 }, "end": { "line": 6, "column": 45 } },
        "3": { "start": { "line": 7, "column": 4 }, "end": { "line": 10, "column": 5 } },
        "4": { "start": { "line": 8, "column": 6 }, "end": { "line": 8, "column": 118 } },
        "5": { "start": { "line": 8, "column": 93 }, "end": { "line": 8, "column": 102 } },
        "6": { "start": { "line": 9, "column": 6 }, "end": { "line": 9, "column": 13 } },
        "7": { "start": { "line": 11, "column": 4 }, "end": { "line": 11, "column": 27 } },
        "8": { "start": { "line": 12, "column": 4 }, "end": { "line": 12, "column": 11 } }
      },
      "fnMap": {
        "0": {
          "name": "validate",
          "decl": { "start": { "line": 4, "column": 16 }, "end": { "line": 4, "column": 24 } },
          "loc": { "start": { "line": 4, "column": 47 }, "end": { "line": 14, "column": 1 } }
        },
        "1": {
          "name": "(anonymous_1)",
          "decl": { "start": { "line": 5, "column": 9 }, "end": { "line": 5, "column": 10 } },
          "loc": { "start": { "line": 5, "column": 61 }, "end": { "line": 13, "column": 3 } }
        },
        "2": {
          "name": "(anonymous_2)",
          "decl": { "start": { "line": 8, "column": 88 }, "end": { "line": 8, "column": 89 } },
          "loc": { "start": { "line": 8, "column": 93 }, "end": { "line": 8, "column": 102 } }
        }
      },
      "branchMap": {
        "0": {
          "loc": { "start": { "line": 7, "column": 4 }, "end": { "line": 10, "column": 5 } },
          "type": "if",
          "locations": [{ "start": { "line": 7, "column": 4 }, "end": { "line": 10, "column": 5 } }]
        }
      },
      "s": { "0": 1, "1": 1, "2": 0, "3": 0, "4": 0, "5": 0, "6": 0, "7": 0, "8": 0 },
      "f": { "0": 1, "1": 0, "2": 0 },
      "b": { "0": [0] }
    },
    "E:\\workspace\\beauty-saas\\bsaas-back\\src\\validators\\theme.validator.ts": {
      "path": "E:\\workspace\\beauty-saas\\bsaas-back\\src\\validators\\theme.validator.ts",
      "statementMap": {
        "0": { "start": { "line": 1, "column": 0 }, "end": { "line": 1, "column": 24 } },
        "1": { "start": { "line": 3, "column": 13 }, "end": { "line": 7, "column": 3 } }
      },
      "fnMap": {},
      "branchMap": {},
      "s": { "0": 1, "1": 1 },
      "f": {},
      "b": {}
    },
    "E:\\workspace\\beauty-saas\\bsaas-back\\src\\routes\\social.routes.ts": {
      "path": "E:\\workspace\\beauty-saas\\bsaas-back\\src\\routes\\social.routes.ts",
      "statementMap": {
        "0": { "start": { "line": 1, "column": 0 }, "end": { "line": 1, "column": 33 } },
        "1": { "start": { "line": 2, "column": 0 }, "end": { "line": 2, "column": 78 } },
        "2": { "start": { "line": 4, "column": 15 }, "end": { "line": 4, "column": 23 } },
        "3": { "start": { "line": 6, "column": 0 }, "end": { "line": 6, "column": 36 } },
        "4": { "start": { "line": 7, "column": 0 }, "end": { "line": 7, "column": 40 } },
        "5": { "start": { "line": 9, "column": 0 }, "end": { "line": 9, "column": 22 } }
      },
      "fnMap": {},
      "branchMap": {},
      "s": { "0": 1, "1": 1, "2": 1, "3": 1, "4": 1, "5": 1 },
      "f": {},
      "b": {}
    },
    "E:\\workspace\\beauty-saas\\bsaas-back\\src\\controllers\\social.controller.ts": {
      "path": "E:\\workspace\\beauty-saas\\bsaas-back\\src\\controllers\\social.controller.ts",
      "statementMap": {
        "0": { "start": { "line": 2, "column": 0 }, "end": { "line": 2, "column": 55 } },
        "1": { "start": { "line": 3, "column": 20 }, "end": { "line": 3, "column": 37 } },
        "2": { "start": { "line": 5, "column": 27 }, "end": { "line": 25, "column": 1 } },
        "3": { "start": { "line": 7, "column": 44 }, "end": { "line": 7, "column": 52 } },
        "4": { "start": { "line": 8, "column": 2 }, "end": { "line": 11, "column": 3 } },
        "5": { "start": { "line": 9, "column": 4 }, "end": { "line": 9, "column": 73 } },
        "6": { "start": { "line": 10, "column": 4 }, "end": { "line": 10, "column": 11 } },
        "7": { "start": { "line": 12, "column": 2 }, "end": { "line": 24, "column": 3 } },
        "8": { "start": { "line": 13, "column": 17 }, "end": { "line": 18, "column": 6 } },
        "9": { "start": { "line": 21, "column": 4 }, "end": { "line": 21, "column": 55 } },
        "10": { "start": { "line": 23, "column": 4 }, "end": { "line": 23, "column": 51 } },
        "11": { "start": { "line": 5, "column": 13 }, "end": { "line": 5, "column": 27 } },
        "12": { "start": { "line": 27, "column": 29 }, "end": { "line": 47, "column": 1 } },
        "13": { "start": { "line": 29, "column": 44 }, "end": { "line": 29, "column": 52 } },
        "14": { "start": { "line": 30, "column": 2 }, "end": { "line": 33, "column": 3 } },
        "15": { "start": { "line": 31, "column": 4 }, "end": { "line": 31, "column": 73 } },
        "16": { "start": { "line": 32, "column": 4 }, "end": { "line": 32, "column": 11 } },
        "17": { "start": { "line": 34, "column": 2 }, "end": { "line": 46, "column": 3 } },
        "18": { "start": { "line": 35, "column": 17 }, "end": { "line": 40, "column": 6 } },
        "19": { "start": { "line": 43, "column": 4 }, "end": { "line": 43, "column": 55 } },
        "20": { "start": { "line": 45, "column": 4 }, "end": { "line": 45, "column": 51 } },
        "21": { "start": { "line": 27, "column": 13 }, "end": { "line": 27, "column": 29 } }
      },
      "fnMap": {
        "0": {
          "name": "(anonymous_0)",
          "decl": { "start": { "line": 5, "column": 27 }, "end": { "line": 5, "column": 32 } },
          "loc": { "start": { "line": 5, "column": 65 }, "end": { "line": 25, "column": 1 } }
        },
        "1": {
          "name": "(anonymous_1)",
          "decl": { "start": { "line": 27, "column": 29 }, "end": { "line": 27, "column": 34 } },
          "loc": { "start": { "line": 27, "column": 67 }, "end": { "line": 47, "column": 1 } }
        }
      },
      "branchMap": {
        "0": {
          "loc": { "start": { "line": 8, "column": 2 }, "end": { "line": 11, "column": 3 } },
          "type": "if",
          "locations": [{ "start": { "line": 8, "column": 2 }, "end": { "line": 11, "column": 3 } }]
        },
        "1": {
          "loc": { "start": { "line": 8, "column": 6 }, "end": { "line": 8, "column": 33 } },
          "type": "binary-expr",
          "locations": [
            { "start": { "line": 8, "column": 6 }, "end": { "line": 8, "column": 23 } },
            { "start": { "line": 8, "column": 27 }, "end": { "line": 8, "column": 33 } }
          ]
        },
        "2": {
          "loc": { "start": { "line": 30, "column": 2 }, "end": { "line": 33, "column": 3 } },
          "type": "if",
          "locations": [
            { "start": { "line": 30, "column": 2 }, "end": { "line": 33, "column": 3 } }
          ]
        },
        "3": {
          "loc": { "start": { "line": 30, "column": 6 }, "end": { "line": 30, "column": 33 } },
          "type": "binary-expr",
          "locations": [
[...]
        "6": { "start": { "line": 10, "column": 24 }, "end": { "line": 10, "column": 39 } },
        "7": { "start": { "line": 11, "column": 4 }, "end": { "line": 11, "column": 37 } },
        "8": { "start": { "line": 11, "column": 24 }, "end": { "line": 11, "column": 37 } },
        "9": { "start": { "line": 12, "column": 4 }, "end": { "line": 12, "column": 14 } },
        "10": { "start": { "line": 19, "column": 4 }, "end": { "line": 25, "column": 5 } },
        "11": { "start": { "line": 20, "column": 26 }, "end": { "line": 20, "column": 36 } },
        "12": { "start": { "line": 21, "column": 23 }, "end": { "line": 21, "column": 79 } },
        "13": { "start": { "line": 22, "column": 6 }, "end": { "line": 22, "column": 25 } },
        "14": { "start": { "line": 24, "column": 6 }, "end": { "line": 24, "column": 51 } },
        "15": { "start": { "line": 30, "column": 4 }, "end": { "line": 36, "column": 5 } },
        "16": { "start": { "line": 31, "column": 27 }, "end": { "line": 31, "column": 37 } },
        "17": { "start": { "line": 32, "column": 23 }, "end": { "line": 32, "column": 80 } },
        "18": { "start": { "line": 33, "column": 6 }, "end": { "line": 33, "column": 25 } },
        "19": { "start": { "line": 35, "column": 6 }, "end": { "line": 35, "column": 51 } },
        "20": { "start": { "line": 41, "column": 4 }, "end": { "line": 47, "column": 5 } },
        "21": { "start": { "line": 42, "column": 36 }, "end": { "line": 42, "column": 46 } },
        "22": { "start": { "line": 43, "column": 23 }, "end": { "line": 43, "column": 79 } },
        "23": { "start": { "line": 44, "column": 6 }, "end": { "line": 44, "column": 29 } },
        "24": { "start": { "line": 46, "column": 6 }, "end": { "line": 46, "column": 51 } },
        "25": { "start": { "line": 52, "column": 4 }, "end": { "line": 62, "column": 5 } },
        "26": { "start": { "line": 53, "column": 51 }, "end": { "line": 53, "column": 59 } },
        "27": { "start": { "line": 54, "column": 6 }, "end": { "line": 57, "column": 7 } },
        "28": { "start": { "line": 55, "column": 8 }, "end": { "line": 55, "column": 67 } },
        "29": { "start": { "line": 56, "column": 8 }, "end": { "line": 56, "column": 15 } },
        "30": { "start": { "line": 58, "column": 22 }, "end": { "line": 58, "column": 88 } },
        "31": { "start": { "line": 59, "column": 6 }, "end": { "line": 59, "column": 36 } },
        "32": { "start": { "line": 61, "column": 6 }, "end": { "line": 61, "column": 51 } },
        "33": { "start": { "line": 16, "column": 0 }, "end": { "line": 16, "column": 13 } }
      },
      "fnMap": {
        "0": {
          "name": "(anonymous_0)",
          "decl": { "start": { "line": 8, "column": 19 }, "end": { "line": 8, "column": 20 } },
          "loc": { "start": { "line": 8, "column": 34 }, "end": { "line": 13, "column": 3 } }
        },
        "1": {
          "name": "(anonymous_1)",
          "decl": { "start": { "line": 18, "column": 2 }, "end": { "line": 18, "column": 8 } },
          "loc": { "start": { "line": 18, "column": 52 }, "end": { "line": 26, "column": 3 } }
        },
        "2": {
          "name": "(anonymous_2)",
          "decl": { "start": { "line": 29, "column": 2 }, "end": { "line": 29, "column": 8 } },
          "loc": { "start": { "line": 29, "column": 53 }, "end": { "line": 37, "column": 3 } }
        },
        "3": {
          "name": "(anonymous_3)",
          "decl": { "start": { "line": 40, "column": 2 }, "end": { "line": 40, "column": 8 } },
          "loc": { "start": { "line": 40, "column": 62 }, "end": { "line": 48, "column": 3 } }
        },
        "4": {
          "name": "(anonymous_4)",
          "decl": { "start": { "line": 51, "column": 2 }, "end": { "line": 51, "column": 8 } },
          "loc": { "start": { "line": 51, "column": 50 }, "end": { "line": 63, "column": 3 } }
        }
      },
      "branchMap": {
        "0": {
          "loc": { "start": { "line": 10, "column": 4 }, "end": { "line": 10, "column": 39 } },
          "type": "if",
          "locations": [
            { "start": { "line": 10, "column": 4 }, "end": { "line": 10, "column": 39 } }
          ]
        },
        "1": {
          "loc": { "start": { "line": 11, "column": 4 }, "end": { "line": 11, "column": 37 } },
          "type": "if",
          "locations": [
            { "start": { "line": 11, "column": 4 }, "end": { "line": 11, "column": 37 } }
          ]
        },
        "2": {
          "loc": { "start": { "line": 54, "column": 6 }, "end": { "line": 57, "column": 7 } },
          "type": "if",
          "locations": [
            { "start": { "line": 54, "column": 6 }, "end": { "line": 57, "column": 7 } }
          ]
        },
        "3": {
          "loc": { "start": { "line": 54, "column": 10 }, "end": { "line": 54, "column": 52 } },
          "type": "binary-expr",
          "locations": [
            { "start": { "line": 54, "column": 10 }, "end": { "line": 54, "column": 18 } },
            { "start": { "line": 54, "column": 22 }, "end": { "line": 54, "column": 31 } },
            { "start": { "line": 54, "column": 35 }, "end": { "line": 54, "column": 43 } },
            { "start": { "line": 54, "column": 47 }, "end": { "line": 54, "column": 52 } }
          ]
        }
      },
      "s": {
        "0": 1,
        "1": 1,
        "2": 1,
        "3": 1,
        "4": 1,
        "5": 0,
        "6": 0,
        "7": 0,
        "8": 0,
        "9": 0,
        "10": 0,
        "11": 0,
        "12": 0,
        "13": 0,
        "14": 0,
        "15": 0,
        "16": 0,
        "17": 0,
        "18": 0,
        "19": 0,
        "20": 0,
        "21": 0,
        "22": 0,
        "23": 0,
        "24": 0,
        "25": 0,
        "26": 0,
        "27": 0,
        "28": 0,
        "29": 0,
        "30": 0,
        "31": 0,
        "32": 0,
        "33": 1
      },
      "f": { "0": 0, "1": 0, "2": 0, "3": 0, "4": 0 },
      "b": { "0": [0], "1": [0], "2": [0], "3": [0, 0, 0, 0] }
    },
    "E:\\workspace\\beauty-saas\\bsaas-back\\src\\middleware\\errorHandler.ts": {
      "path": "E:\\workspace\\beauty-saas\\bsaas-back\\src\\middleware\\errorHandler.ts",
      "statementMap": {
        "0": { "start": { "line": 14, "column": 0 }, "end": { "line": 14, "column": 16 } },
        "1": { "start": { "line": 2, "column": 0 }, "end": { "line": 2, "column": 30 } },
        "2": { "start": { "line": 8, "column": 4 }, "end": { "line": 8, "column": 19 } },
        "3": { "start": { "line": 9, "column": 4 }, "end": { "line": 9, "column": 25 } },
        "4": { "start": { "line": 10, "column": 4 }, "end": { "line": 10, "column": 21 } },
        "5": { "start": { "line": 4, "column": 0 }, "end": { "line": 4, "column": 13 } },
        "6": { "start": { "line": 15, "column": 2 }, "end": { "line": 15, "column": 46 } },
        "7": { "start": { "line": 16, "column": 15 }, "end": { "line": 16, "column": 84 } },
        "8": { "start": { "line": 17, "column": 15 }, "end": { "line": 17, "column": 42 } },
        "9": { "start": { "line": 18, "column": 17 }, "end": { "line": 18, "column": 34 } },
        "10": { "start": { "line": 19, "column": 18 }, "end": { "line": 19, "column": 99 } },
        "11": { "start": { "line": 20, "column": 2 }, "end": { "line": 20, "column": 45 } }
      },
      "fnMap": {
        "0": {
          "name": "(anonymous_1)",
          "decl": { "start": { "line": 7, "column": 2 }, "end": { "line": 7, "column": 14 } },
          "loc": { "start": { "line": 7, "column": 67 }, "end": { "line": 11, "column": 3 } }
        },
        "1": {
          "name": "errorHandler",
          "decl": { "start": { "line": 14, "column": 16 }, "end": { "line": 14, "column": 28 } },
          "loc": { "start": { "line": 14, "column": 86 }, "end": { "line": 21, "column": 1 } }
        }
      },
      "branchMap": {
        "0": {
          "loc": { "start": { "line": 7, "column": 31 }, "end": { "line": 7, "column": 43 } },
          "type": "default-arg",
          "locations": [
            { "start": { "line": 7, "column": 40 }, "end": { "line": 7, "column": 43 } }
          ]
        },
        "1": {
          "loc": { "start": { "line": 7, "column": 45 }, "end": { "line": 7, "column": 67 } },
          "type": "default-arg",
          "locations": [
            { "start": { "line": 7, "column": 52 }, "end": { "line": 7, "column": 67 } }
          ]
        },
        "2": {
          "loc": { "start": { "line": 16, "column": 15 }, "end": { "line": 16, "column": 84 } },
          "type": "binary-expr",
          "locations": [
            { "start": { "line": 16, "column": 15 }, "end": { "line": 16, "column": 27 } },
            { "start": { "line": 16, "column": 31 }, "end": { "line": 16, "column": 76 } },
            { "start": { "line": 16, "column": 80 }, "end": { "line": 16, "column": 84 } }
          ]
        },
        "3": {
          "loc": { "start": { "line": 17, "column": 15 }, "end": { "line": 17, "column": 42 } },
          "type": "binary-expr",
          "locations": [
            { "start": { "line": 17, "column": 15 }, "end": { "line": 17, "column": 23 } },
            { "start": { "line": 17, "column": 27 }, "end": { "line": 17, "column": 42 } }
          ]
        },
        "4": {
          "loc": { "start": { "line": 18, "column": 17 }, "end": { "line": 18, "column": 34 } },
          "type": "binary-expr",
          "locations": [
            { "start": { "line": 18, "column": 17 }, "end": { "line": 18, "column": 27 } },
            { "start": { "line": 18, "column": 31 }, "end": { "line": 18, "column": 34 } }
          ]
        },
        "5": {
          "loc": { "start": { "line": 19, "column": 61 }, "end": { "line": 19, "column": 96 } },
          "type": "binary-expr",
          "locations": [
            { "start": { "line": 19, "column": 61 }, "end": { "line": 19, "column": 72 } },
            { "start": { "line": 19, "column": 76 }, "end": { "line": 19, "column": 96 } }
          ]
        }
      },
      "s": {
        "0": 1,
        "1": 1,
        "2": 0,
        "3": 0,
        "4": 0,
        "5": 1,
        "6": 5,
        "7": 5,
        "8": 5,
        "9": 5,
        "10": 5,
        "11": 5
      },
      "f": { "0": 0, "1": 5 },
      "b": { "0": [0], "1": [0], "2": [5, 0, 0], "3": [5, 5], "4": [5, 5], "5": [5, 0] }
    },
    "E:\\workspace\\beauty-saas\\bsaas-back\\src\\middleware\\notFound.ts": {
      "path": "E:\\workspace\\beauty-saas\\bsaas-back\\src\\middleware\\notFound.ts",
      "statementMap": {
        "0": { "start": { "line": 2, "column": 0 }, "end": { "line": 2, "column": 16 } },
        "1": { "start": { "line": 3, "column": 2 }, "end": { "line": 3, "column": 84 } }
      },
      "fnMap": {
        "0": {
          "name": "notFound",
          "decl": { "start": { "line": 2, "column": 16 }, "end": { "line": 2, "column": 24 } },
          "loc": { "start": { "line": 2, "column": 72 }, "end": { "line": 4, "column": 1 } }
        }
      },
      "branchMap": {},
      "s": { "0": 1, "1": 0 },
      "f": { "0": 0 },
      "b": {}
    },
    "E:\\workspace\\beauty-saas\\bsaas-back\\src\\services\\review.service.ts": {
      "path": "E:\\workspace\\beauty-saas\\bsaas-back\\src\\services\\review.service.ts",
      "statementMap": {
        "0": { "start": { "line": 2, "column": 0 }, "end": { "line": 2, "column": 36 } },
        "1": { "start": { "line": 13, "column": 26 }, "end": { "line": 13, "column": 28 } },
        "2": { "start": { "line": 18, "column": 4 }, "end": { "line": 18, "column": 56 } },
        "3": { "start": { "line": 18, "column": 31 }, "end": { "line": 18, "column": 54 } },
        "4": { "start": { "line": 24, "column": 4 }, "end": { "line": 24, "column": 74 } },
        "5": { "start": { "line": 24, "column": 31 }, "end": { "line": 24, "column": 74 } },
        "6": { "start": { "line": 25, "column": 4 }, "end": { "line": 25, "column": 102 } },
        "7": { "start": { "line": 25, "column": 64 }, "end": { "line": 25, "column": 102 } },
        "8": { "start": { "line": 26, "column": 4 }, "end": { "line": 26, "column": 82 } },
        "9": { "start": { "line": 26, "column": 47 }, "end": { "line": 26, "column": 82 } },
        "10": { "start": { "line": 27, "column": 30 }, "end": { "line": 34, "column": 6 } },
        "11": { "start": { "line": 35, "column": 4 }, "end": { "line": 35, "column": 28 } },
        "12": { "start": { "line": 36, "column": 4 }, "end": { "line": 36, "column": 21 } },
        "13": { "start": { "line": 41, "column": 25 }, "end": { "line": 41, "column": 58 } },
        "14": { "start": { "line": 42, "column": 4 }, "end": { "line": 42, "column": 39 } },
        "15": { "start": { "line": 42, "column": 30 }, "end": { "line": 42, "column": 39 } },
        "16": { "start": { "line": 43, "column": 4 }, "end": { "line": 43, "column": 84 } },
        "17": { "start": { "line": 43, "column": 43 }, "end": { "line": 43, "column": 57 } },
        "18": { "start": { "line": 48, "column": 4 }, "end": { "line": 48, "column": 43 } },
        "19": { "start": { "line": 53, "column": 4 }, "end": { "line": 53, "column": 52 } },
        "20": { "start": { "line": 15, "column": 0 }, "end": { "line": 15, "column": 13 } }
      },
      "fnMap": {
        "0": {
          "name": "(anonymous_0)",
          "decl": { "start": { "line": 17, "column": 2 }, "end": { "line": 17, "column": 20 } },
          "loc": { "start": { "line": 17, "column": 37 }, "end": { "line": 19, "column": 3 } }
        },
        "1": {
          "name": "(anonymous_1)",
          "decl": { "start": { "line": 18, "column": 26 }, "end": { "line": 18, "column": 27 } },
          "loc": { "start": { "line": 18, "column": 31 }, "end": { "line": 18, "column": 54 } }
        },
        "2": {
          "name": "(anonymous_2)",
          "decl": { "start": { "line": 22, "column": 2 }, "end": { "line": 22, "column": 11 } },
          "loc": { "start": { "line": 22, "column": 84 }, "end": { "line": 37, "column": 3 } }
        },
        "3": {
          "name": "(anonymous_3)",
          "decl": { "start": { "line": 40, "column": 2 }, "end": { "line": 40, "column": 18 } },
          "loc": { "start": { "line": 40, "column": 35 }, "end": { "line": 44, "column": 3 } }
        },
        "4": {
          "name": "(anonymous_4)",
          "decl": { "start": { "line": 43, "column": 31 }, "end": { "line": 43, "column": 32 } },
          "loc": { "start": { "line": 43, "column": 43 }, "end": { "line": 43, "column": 57 } }
        },
        "5": {
          "name": "(anonymous_5)",
          "decl": { "start": { "line": 47, "column": 2 }, "end": { "line": 47, "column": 26 } },
          "loc": { "start": { "line": 47, "column": 43 }, "end": { "line": 49, "column": 3 } }
        },
        "6": {
          "name": "(anonymous_6)",
          "decl": { "start": { "line": 52, "column": 2 }, "end": { "line": 52, "column": 16 } },
          "loc": { "start": { "line": 52, "column": 33 }, "end": { "line": 54, "column": 3 } }
        }
      },
      "branchMap": {
        "0": {
          "loc": { "start": { "line": 24, "column": 4 }, "end": { "line": 24, "column": 74 } },
          "type": "if",
          "locations": [
            { "start": { "line": 24, "column": 4 }, "end": { "line": 24, "column": 74 } }
          ]
        },
        "1": {
          "loc": { "start": { "line": 24, "column": 8 }, "end": { "line": 24, "column": 29 } },
          "type": "binary-expr",
          "locations": [
            { "start": { "line": 24, "column": 8 }, "end": { "line": 24, "column": 17 } },
            { "start": { "line": 24, "column": 21 }, "end": { "line": 24, "column": 29 } }
          ]
        },
        "2": {
          "loc": { "start": { "line": 25, "column": 4 }, "end": { "line": 25, "column": 102 } },
          "type": "if",
          "locations": [
            { "start": { "line": 25, "column": 4 }, "end": { "line": 25, "column": 102 } }
          ]
        },
        "3": {
          "loc": { "start": { "line": 25, "column": 8 }, "end": { "line": 25, "column": 62 } },
          "type": "binary-expr",
          "locations": [
            { "start": { "line": 25, "column": 8 }, "end": { "line": 25, "column": 34 } },
            { "start": { "line": 25, "column": 38 }, "end": { "line": 25, "column": 48 } },
            { "start": { "line": 25, "column": 52 }, "end": { "line": 25, "column": 62 } }
          ]
        },
        "4": {
          "loc": { "start": { "line": 26, "column": 4 }, "end": { "line": 26, "column": 82 } },
          "type": "if",
          "locations": [
            { "start": { "line": 26, "column": 4 }, "end": { "line": 26, "column": 82 } }
          ]
        },
        "5": {
          "loc": { "start": { "line": 26, "column": 8 }, "end": { "line": 26, "column": 45 } },
          "type": "binary-expr",
          "locations": [
            { "start": { "line": 26, "column": 8 }, "end": { "line": 26, "column": 15 } },
            { "start": { "line": 26, "column": 19 }, "end": { "line": 26, "column": 45 } }
          ]
        },
        "6": {
          "loc": { "start": { "line": 42, "column": 4 }, "end": { "line": 42, "column": 39 } },
          "type": "if",
          "locations": [
            { "start": { "line": 42, "column": 4 }, "end": { "line": 42, "column": 39 } }
          ]
        }
      },
      "s": {
        "0": 0,
        "1": 0,
        "2": 0,
        "3": 0,
        "4": 0,
        "5": 0,
        "6": 0,
        "7": 0,
        "8": 0,
        "9": 0,
        "10": 0,
        "11": 0,
        "12": 0,
        "13": 0,
        "14": 0,
        "15": 0,
        "16": 0,
        "17": 0,
        "18": 0,
        "19": 0,
        "20": 0
      },
      "f": { "0": 0, "1": 0, "2": 0, "3": 0, "4": 0, "5": 0, "6": 0 },
      "b": { "0": [0], "1": [0, 0], "2": [0], "3": [0, 0, 0], "4": [0], "5": [0, 0], "6": [0] }
    },
    "E:\\workspace\\beauty-saas\\bsaas-back\\src\\services\\social.service.ts": {
      "path": "E:\\workspace\\beauty-saas\\bsaas-back\\src\\services\\social.service.ts",
      "statementMap": {
        "0": { "start": { "line": 6, "column": 4 }, "end": { "line": 6, "column": 127 } },
        "1": { "start": { "line": 11, "column": 4 }, "end": { "line": 11, "column": 42 } },
        "2": { "start": { "line": 2, "column": 0 }, "end": { "line": 2, "column": 13 } }
      },
      "fnMap": {
        "0": {
          "name": "(anonymous_0)",
          "decl": { "start": { "line": 4, "column": 2 }, "end": { "line": 4, "column": 7 } },
          "loc": { "start": { "line": 4, "column": 40 }, "end": { "line": 7, "column": 3 } }
        },
        "1": {
          "name": "(anonymous_1)",
          "decl": { "start": { "line": 9, "column": 2 }, "end": { "line": 9, "column": 7 } },
          "loc": { "start": { "line": 9, "column": 93 }, "end": { "line": 12, "column": 3 } }
        }
      },
      "branchMap": {},
      "s": { "0": 0, "1": 0, "2": 0 },
      "f": { "0": 0, "1": 0 },
      "b": {}
    },
    "E:\\workspace\\beauty-saas\\bsaas-back\\src\\types\\express.d.ts": {
      "path": "E:\\workspace\\beauty-saas\\bsaas-back\\src\\types\\express.d.ts",
      "statementMap": {},
      "fnMap": {},
      "branchMap": {},
      "s": {},
      "f": {},
      "b": {}
    },
    "E:\\workspace\\beauty-saas\\bsaas-back\\src\\validators\\portfolio.validator.ts": {
      "path": "E:\\workspace\\beauty-saas\\bsaas-back\\src\\validators\\portfolio.validator.ts",
      "statementMap": {
        "0": { "start": { "line": 1, "column": 0 }, "end": { "line": 1, "column": 24 } },
        "1": { "start": { "line": 3, "column": 13 }, "end": { "line": 8, "column": 3 } },
        "2": { "start": { "line": 10, "column": 13 }, "end": { "line": 13, "column": 3 } }
      },
      "fnMap": {},
      "branchMap": {},
      "s": { "0": 0, "1": 0, "2": 0 },
      "f": {},
      "b": {}
    }
  }
}
