{
  "numFailedTestSuites": 1,
  "numFailedTests": 0,
  "numPassedTestSuites": 0,
  "numPassedTests": 0,
  "numPendingTestSuites": 0,
  "numPendingTests": 0,
  "numRuntimeErrorTestSuites": 1,
  "numTodoTests": 0,
  "numTotalTestSuites": 1,
  "numTotalTests": 0,
  "openHandles": [],
  "snapshot": {
    "added": 0,
    "didUpdate": false,
    "failure": false,
    "filesAdded": 0,
    "filesRemoved": 0,
    "filesRemovedList": [],
    "filesUnmatched": 0,
    "filesUpdated": 0,
    "matched": 0,
    "total": 0,
    "unchecked": 0,
    "uncheckedKeysByFile": [],
    "unmatched": 0,
    "updated": 0
  },
  "startTime": 1745024118167,
  "success": false,
  "testResults": [
    {
      "assertionResults": [],
      "coverage": {},
      "endTime": 1745024124693,
      "message": "  \u001b[1m● \u001b[22mTest suite failed to run\n\n    \u001b[96msrc/routes/user.routes.ts\u001b[0m:\u001b[93m8\u001b[0m:\u001b[93m39\u001b[0m - \u001b[91merror\u001b[0m\u001b[90m TS2769: \u001b[0mNo overload matches this call.\n      The last overload gave the following error.\n        Argument of type '(req: AuthRequest, res: Response) => Promise<Response<any, Record<string, any>> | undefined>' is not assignable to parameter of type 'RequestHandlerParams<ParamsDictionary, any, any, ParsedQs, Record<string, any>>'.\n          Type '(req: AuthRequest, res: Response) => Promise<Response<any, Record<string, any>> | undefined>' is not assignable to type 'RequestHandler<ParamsDictionary, any, any, ParsedQs, Record<string, any>>'.\n            Type 'Promise<Response<any, Record<string, any>> | undefined>' is not assignable to type 'void | Promise<void>'.\n              Type 'Promise<Response<any, Record<string, any>> | undefined>' is not assignable to type 'Promise<void>'.\n                Type 'Response<any, Record<string, any>> | undefined' is not assignable to type 'void'.\n                  Type 'Response<any, Record<string, any>>' is not assignable to type 'void'.\n\n    \u001b[7m8\u001b[0m router.get('/stats', authenticateJWT, getUserStats);\n    \u001b[7m \u001b[0m \u001b[91m                                      ~~~~~~~~~~~~\u001b[0m\n\n      \u001b[96mnode_modules/@types/express-serve-static-core/index.d.ts\u001b[0m:\u001b[93m157\u001b[0m:\u001b[93m5\u001b[0m\n        \u001b[7m157\u001b[0m     <\n        \u001b[7m   \u001b[0m \u001b[96m    ~\u001b[0m\n        \u001b[7m158\u001b[0m         P = ParamsDictionary,\n        \u001b[7m   \u001b[0m \u001b[96m~~~~~~~~~~~~~~~~~~~~~~~~~~~~~\u001b[0m\n        \u001b[7m...\u001b[0m \n        \u001b[7m166\u001b[0m         ...handlers: Array<RequestHandlerParams<P, ResBody, ReqBody, ReqQuery, LocalsObj>>\n        \u001b[7m   \u001b[0m \u001b[96m~~~~~~~~~~~~~~~~~~~~~~~~~~~~~~~~~~~~~~~~~~~~~~~~~~~~~~~~~~~~~~~~~~~~~~~~~~~~~~~~~~~~~~~~~~\u001b[0m\n        \u001b[7m167\u001b[0m     ): T;\n        \u001b[7m   \u001b[0m \u001b[96m~~~~~~~~~\u001b[0m\n        The last overload is declared here.\n",
      "name": "E:\\workspace\\beauty-saas\\bsaas-back\\src\\__tests__\\security.rbac.test.ts",
      "startTime": 1745024124693,
      "status": "failed",
      "summary": ""
    }
  ],
  "wasInterrupted": false
}
